{
    "bert_url":  "http://127.0.0.1:8001",
    "test_name":  "Login Signup Tests (Docker Hybrid)",
    "file_path":  "TeamTests/test_guaranteed.py",
    "logs":  "Get:1 http://security.ubuntu.com/ubuntu jammy-security InRelease [129 kB]\r\nGet:2 https://deb.nodesource.com/node_20.x nodistro InRelease [12.1 kB]\r\nGet:3 https://deb.nodesource.com/node_20.x nodistro/main amd64 Packages [13.3 kB]\r\nGet:4 http://archive.ubuntu.com/ubuntu jammy InRelease [270 kB]\r\nGet:5 http://security.ubuntu.com/ubuntu jammy-security/multiverse amd64 Packages [60.9 kB]\r\nGet:6 http://security.ubuntu.com/ubuntu jammy-security/universe amd64 Packages [1287 kB]\r\nGet:7 http://archive.ubuntu.com/ubuntu jammy-updates InRelease [128 kB]\r\nGet:8 http://archive.ubuntu.com/ubuntu jammy-backports InRelease [127 kB]\r\nGet:9 http://security.ubuntu.com/ubuntu jammy-security/main amd64 Packages [3633 kB]\r\nGet:10 http://archive.ubuntu.com/ubuntu jammy/restricted amd64 Packages [164 kB]\r\nGet:11 http://archive.ubuntu.com/ubuntu jammy/universe amd64 Packages [17.5 MB]\r\nGet:12 http://security.ubuntu.com/ubuntu jammy-security/restricted amd64 Packages [6205 kB]\r\nGet:13 http://archive.ubuntu.com/ubuntu jammy/main amd64 Packages [1792 kB]\r\nGet:14 http://archive.ubuntu.com/ubuntu jammy/multiverse amd64 Packages [266 kB]\r\nGet:15 http://archive.ubuntu.com/ubuntu jammy-updates/multiverse amd64 Packages [69.2 kB]\r\nGet:16 http://archive.ubuntu.com/ubuntu jammy-updates/restricted amd64 Packages [6411 kB]\r\nGet:17 http://archive.ubuntu.com/ubuntu jammy-updates/universe amd64 Packages [1598 kB]\r\nGet:18 http://archive.ubuntu.com/ubuntu jammy-updates/main amd64 Packages [3966 kB]\r\nGet:19 http://archive.ubuntu.com/ubuntu jammy-backports/universe amd64 Packages [37.2 kB]\r\nGet:20 http://archive.ubuntu.com/ubuntu jammy-backports/main amd64 Packages [83.9 kB]\r\nFetched 43.7 MB in 7s (5935 kB/s)\r\nReading package lists...\r\nReading package lists...\r\nBuilding dependency tree...\r\nReading state information...\r\nThe following additional packages will be installed:\r\n  binutils binutils-common binutils-x86-64-linux-gnu build-essential bzip2 cpp\r\n  cpp-11 dpkg-dev fakeroot g++ g++-11 gcc gcc-11 gcc-11-base gcc-12-base\r\n  javascript-common libalgorithm-diff-perl libalgorithm-diff-xs-perl\r\n  libalgorithm-merge-perl libasan6 libatomic1 libbinutils libc-dev-bin\r\n  libc-devtools libc6 libc6-dev libcc1-0 libcrypt-dev libctf-nobfd0 libctf0\r\n  libdpkg-perl libexpat1 libexpat1-dev libfakeroot libfile-fcntllock-perl\r\n  libgcc-11-dev libgcc-s1 libgd3 libgfortran5 libgomp1 libisl23 libitm1\r\n  libjs-jquery libjs-sphinxdoc libjs-underscore liblocale-gettext-perl\r\n  liblsan0 libmpc3 libmpfr6 libnsl-dev libpython3-dev libpython3-stdlib\r\n  libpython3.10 libpython3.10-dev libpython3.10-minimal libpython3.10-stdlib\r\n  libquadmath0 libstdc++-11-dev libstdc++6 libtirpc-dev libtsan0 libubsan1\r\n  linux-libc-dev lto-disabled-list make manpages manpages-dev patch python3\r\n  python3-dev python3-distutils python3-lib2to3 python3-minimal\r\n  python3-pkg-resources python3-setuptools python3-wheel python3.10\r\n  python3.10-dev python3.10-minimal rpcsvc-proto xz-utils zlib1g-dev\r\nSuggested packages:\r\n  binutils-doc bzip2-doc cpp-doc gcc-11-locales debian-keyring g++-multilib\r\n  g++-11-multilib gcc-11-doc gcc-multilib autoconf automake libtool flex bison\r\n  gdb gcc-doc gcc-11-multilib apache2 | lighttpd | httpd glibc-doc locales bzr\r\n  libgd-tools libstdc++-11-doc make-doc man-browser ed diffutils-doc\r\n  python3-doc python3-tk python3-venv python-setuptools-doc python3.10-venv\r\n  python3.10-doc binfmt-support\r\nRecommended packages:\r\n  libnss-nis libnss-nisplus\r\nThe following NEW packages will be installed:\r\n  binutils binutils-common binutils-x86-64-linux-gnu build-essential bzip2 cpp\r\n  cpp-11 dpkg-dev fakeroot g++ g++-11 gcc gcc-11 gcc-11-base javascript-common\r\n  libalgorithm-diff-perl libalgorithm-diff-xs-perl libalgorithm-merge-perl\r\n  libasan6 libbinutils libc-dev-bin libc-devtools libc6-dev libcc1-0\r\n  libcrypt-dev libctf-nobfd0 libctf0 libdpkg-perl libexpat1-dev libfakeroot\r\n  libfile-fcntllock-perl libgcc-11-dev libgd3 libisl23 libitm1 libjs-jquery\r\n  libjs-sphinxdoc libjs-underscore liblocale-gettext-perl liblsan0 libmpc3\r\n  libmpfr6 libnsl-dev libpython3-dev libpython3.10 libpython3.10-dev\r\n  libstdc++-11-dev libtirpc-dev libtsan0 libubsan1 linux-libc-dev\r\n  lto-disabled-list make manpages manpages-dev patch python3-dev\r\n  python3-distutils python3-lib2to3 python3-pip python3-pkg-resources\r\n  python3-setuptools python3-wheel python3.10-dev rpcsvc-proto xz-utils\r\n  zlib1g-dev\r\nThe following packages will be upgraded:\r\n  gcc-12-base libatomic1 libc6 libexpat1 libgcc-s1 libgfortran5 libgomp1\r\n  libpython3-stdlib libpython3.10-minimal libpython3.10-stdlib libquadmath0\r\n  libstdc++6 python3 python3-minimal python3.10 python3.10-minimal\r\n16 upgraded, 67 newly installed, 0 to remove and 129 not upgraded.\r\nNeed to get 89.0 MB of archives.\r\nAfter this operation, 263 MB of additional disk space will be used.\r\nGet:1 http://archive.ubuntu.com/ubuntu jammy-updates/main amd64 libatomic1 amd64 12.3.0-1ubuntu1~22.04.2 [10.4 kB]\r\nGet:2 http://archive.ubuntu.com/ubuntu jammy-updates/main amd64 libquadmath0 amd64 12.3.0-1ubuntu1~22.04.2 [154 kB]\r\nGet:3 http://archive.ubuntu.com/ubuntu jammy-updates/main amd64 libgomp1 amd64 12.3.0-1ubuntu1~22.04.2 [127 kB]\r\nGet:4 http://archive.ubuntu.com/ubuntu jammy-updates/main amd64 libgfortran5 amd64 12.3.0-1ubuntu1~22.04.2 [879 kB]\r\nGet:5 http://archive.ubuntu.com/ubuntu jammy-updates/main amd64 gcc-12-base amd64 12.3.0-1ubuntu1~22.04.2 [20.6 kB]\r\nGet:6 http://archive.ubuntu.com/ubuntu jammy-updates/main amd64 libgcc-s1 amd64 12.3.0-1ubuntu1~22.04.2 [53.9 kB]\r\nGet:7 http://archive.ubuntu.com/ubuntu jammy-updates/main amd64 libstdc++6 amd64 12.3.0-1ubuntu1~22.04.2 [699 kB]\r\nGet:8 http://archive.ubuntu.com/ubuntu jammy-updates/main amd64 libc6 amd64 2.35-0ubuntu3.11 [3235 kB]\r\nGet:9 http://archive.ubuntu.com/ubuntu jammy/main amd64 liblocale-gettext-perl amd64 1.07-4build3 [17.1 kB]\r\nGet:10 http://archive.ubuntu.com/ubuntu jammy-updates/main amd64 python3-minimal amd64 3.10.6-1~22.04.1 [24.3 kB]\r\nGet:11 http://archive.ubuntu.com/ubuntu jammy-updates/main amd64 python3 amd64 3.10.6-1~22.04.1 [22.8 kB]\r\nGet:12 http://archive.ubuntu.com/ubuntu jammy-updates/main amd64 python3.10 amd64 3.10.12-1~22.04.12 [508 kB]\r\nGet:13 http://archive.ubuntu.com/ubuntu jammy-updates/main amd64 libpython3.10-stdlib amd64 3.10.12-1~22.04.12 [1849 kB]\r\nGet:14 http://archive.ubuntu.com/ubuntu jammy-updates/main amd64 python3.10-minimal amd64 3.10.12-1~22.04.12 [2268 kB]\r\nGet:15 http://archive.ubuntu.com/ubuntu jammy-updates/main amd64 libpython3.10-minimal amd64 3.10.12-1~22.04.12 [815 kB]\r\nGet:16 http://archive.ubuntu.com/ubuntu jammy-updates/main amd64 libexpat1 amd64 2.4.7-1ubuntu0.6 [92.1 kB]\r\nGet:17 http://archive.ubuntu.com/ubuntu jammy-updates/main amd64 libpython3-stdlib amd64 3.10.6-1~22.04.1 [6812 B]\r\nGet:18 http://archive.ubuntu.com/ubuntu jammy-updates/main amd64 python3-pkg-resources all 59.6.0-1.2ubuntu0.22.04.3 [133 kB]\r\nGet:19 http://archive.ubuntu.com/ubuntu jammy/main amd64 manpages all 5.10-1ubuntu1 [1375 kB]\r\nGet:20 http://archive.ubuntu.com/ubuntu jammy/main amd64 xz-utils amd64 5.2.5-2ubuntu1 [84.8 kB]\r\nGet:21 http://archive.ubuntu.com/ubuntu jammy-updates/main amd64 binutils-common amd64 2.38-4ubuntu2.12 [223 kB]\r\nGet:22 http://archive.ubuntu.com/ubuntu jammy-updates/main amd64 libbinutils amd64 2.38-4ubuntu2.12 [663 kB]\r\nGet:23 http://archive.ubuntu.com/ubuntu jammy-updates/main amd64 libctf-nobfd0 amd64 2.38-4ubuntu2.12 [108 kB]\r\nGet:24 http://archive.ubuntu.com/ubuntu jammy-updates/main amd64 libctf0 amd64 2.38-4ubuntu2.12 [103 kB]\r\nGet:25 http://archive.ubuntu.com/ubuntu jammy-updates/main amd64 binutils-x86-64-linux-gnu amd64 2.38-4ubuntu2.12 [2324 kB]\r\nGet:26 http://archive.ubuntu.com/ubuntu jammy-updates/main amd64 binutils amd64 2.38-4ubuntu2.12 [3184 B]\r\nGet:27 http://archive.ubuntu.com/ubuntu jammy-updates/main amd64 libc-dev-bin amd64 2.35-0ubuntu3.11 [20.3 kB]\r\nGet:28 http://archive.ubuntu.com/ubuntu jammy-updates/main amd64 linux-libc-dev amd64 5.15.0-164.174 [1325 kB]\r\nGet:29 http://archive.ubuntu.com/ubuntu jammy/main amd64 libcrypt-dev amd64 1:4.4.27-1 [112 kB]\r\nGet:30 http://archive.ubuntu.com/ubuntu jammy/main amd64 rpcsvc-proto amd64 1.4.2-0ubuntu6 [68.5 kB]\r\nGet:31 http://archive.ubuntu.com/ubuntu jammy-updates/main amd64 libtirpc-dev amd64 1.3.2-2ubuntu0.1 [192 kB]\r\nGet:32 http://archive.ubuntu.com/ubuntu jammy/main amd64 libnsl-dev amd64 1.3.0-2build2 [71.3 kB]\r\nGet:33 http://archive.ubuntu.com/ubuntu jammy-updates/main amd64 libc6-dev amd64 2.35-0ubuntu3.11 [2100 kB]\r\nGet:34 http://archive.ubuntu.com/ubuntu jammy-updates/main amd64 gcc-11-base amd64 11.4.0-1ubuntu1~22.04.2 [20.8 kB]\r\nGet:35 http://archive.ubuntu.com/ubuntu jammy/main amd64 libisl23 amd64 0.24-2build1 [727 kB]\r\nGet:36 http://archive.ubuntu.com/ubuntu jammy/main amd64 libmpfr6 amd64 4.1.0-3build3 [1425 kB]\r\nGet:37 http://archive.ubuntu.com/ubuntu jammy/main amd64 libmpc3 amd64 1.2.1-2build1 [46.9 kB]\r\nGet:38 http://archive.ubuntu.com/ubuntu jammy-updates/main amd64 cpp-11 amd64 11.4.0-1ubuntu1~22.04.2 [10.0 MB]\r\nIgn:38 http://archive.ubuntu.com/ubuntu jammy-updates/main amd64 cpp-11 amd64 11.4.0-1ubuntu1~22.04.2\r\nGet:39 http://archive.ubuntu.com/ubuntu jammy/main amd64 cpp amd64 4:11.2.0-1ubuntu1 [27.7 kB]\r\nGet:40 http://archive.ubuntu.com/ubuntu jammy-updates/main amd64 libcc1-0 amd64 12.3.0-1ubuntu1~22.04.2 [48.3 kB]\r\nGet:41 http://archive.ubuntu.com/ubuntu jammy-updates/main amd64 libitm1 amd64 12.3.0-1ubuntu1~22.04.2 [30.2 kB]\r\nGet:42 http://archive.ubuntu.com/ubuntu jammy-updates/main amd64 libasan6 amd64 11.4.0-1ubuntu1~22.04.2 [2283 kB]\r\nGet:43 http://archive.ubuntu.com/ubuntu jammy-updates/main amd64 liblsan0 amd64 12.3.0-1ubuntu1~22.04.2 [1069 kB]\r\nGet:44 http://archive.ubuntu.com/ubuntu jammy-updates/main amd64 libtsan0 amd64 11.4.0-1ubuntu1~22.04.2 [2262 kB]\r\nGet:45 http://archive.ubuntu.com/ubuntu jammy-updates/main amd64 libubsan1 amd64 12.3.0-1ubuntu1~22.04.2 [976 kB]\r\nGet:46 http://archive.ubuntu.com/ubuntu jammy-updates/main amd64 libgcc-11-dev amd64 11.4.0-1ubuntu1~22.04.2 [2517 kB]\r\nGet:47 http://archive.ubuntu.com/ubuntu jammy-updates/main amd64 gcc-11 amd64 11.4.0-1ubuntu1~22.04.2 [20.1 MB]\r\nGet:48 http://archive.ubuntu.com/ubuntu jammy/main amd64 gcc amd64 4:11.2.0-1ubuntu1 [5112 B]\r\nGet:49 http://archive.ubuntu.com/ubuntu jammy-updates/main amd64 libstdc++-11-dev amd64 11.4.0-1ubuntu1~22.04.2 [2101 kB]\r\nGet:50 http://archive.ubuntu.com/ubuntu jammy-updates/main amd64 g++-11 amd64 11.4.0-1ubuntu1~22.04.2 [11.4 MB]\r\nGet:51 http://archive.ubuntu.com/ubuntu jammy/main amd64 g++ amd64 4:11.2.0-1ubuntu1 [1412 B]\r\nGet:52 http://archive.ubuntu.com/ubuntu jammy/main amd64 make amd64 4.3-4.1build1 [180 kB]\r\nGet:53 http://archive.ubuntu.com/ubuntu jammy-updates/main amd64 libdpkg-perl all 1.21.1ubuntu2.6 [237 kB]\r\nGet:54 http://archive.ubuntu.com/ubuntu jammy/main amd64 bzip2 amd64 1.0.8-5build1 [34.8 kB]\r\nGet:55 http://archive.ubuntu.com/ubuntu jammy/main amd64 patch amd64 2.7.6-7build2 [109 kB]\r\nGet:56 http://archive.ubuntu.com/ubuntu jammy/main amd64 lto-disabled-list all 24 [12.5 kB]\r\nGet:57 http://archive.ubuntu.com/ubuntu jammy-updates/main amd64 dpkg-dev all 1.21.1ubuntu2.6 [922 kB]\r\nGet:58 http://archive.ubuntu.com/ubuntu jammy/main amd64 build-essential amd64 12.9ubuntu3 [4744 B]\r\nGet:59 http://archive.ubuntu.com/ubuntu jammy/main amd64 libfakeroot amd64 1.28-1ubuntu1 [31.5 kB]\r\nGet:60 http://archive.ubuntu.com/ubuntu jammy/main amd64 fakeroot amd64 1.28-1ubuntu1 [60.4 kB]\r\nGet:61 http://archive.ubuntu.com/ubuntu jammy/main amd64 javascript-common all 11+nmu1 [5936 B]\r\nGet:62 http://archive.ubuntu.com/ubuntu jammy/main amd64 libalgorithm-diff-perl all 1.201-1 [41.8 kB]\r\nGet:63 http://archive.ubuntu.com/ubuntu jammy/main amd64 libalgorithm-diff-xs-perl amd64 0.04-6build3 [11.9 kB]\r\nGet:64 http://archive.ubuntu.com/ubuntu jammy/main amd64 libalgorithm-merge-perl all 0.08-3 [12.0 kB]\r\nGet:65 http://archive.ubuntu.com/ubuntu jammy-updates/main amd64 libgd3 amd64 2.3.0-2ubuntu2.3 [129 kB]\r\nGet:66 http://archive.ubuntu.com/ubuntu jammy-updates/main amd64 libc-devtools amd64 2.35-0ubuntu3.11 [29.0 kB]\r\nGet:67 http://archive.ubuntu.com/ubuntu jammy-updates/main amd64 libexpat1-dev amd64 2.4.7-1ubuntu0.6 [148 kB]\r\nGet:68 http://archive.ubuntu.com/ubuntu jammy/main amd64 libfile-fcntllock-perl amd64 0.22-3build7 [33.9 kB]\r\nGet:69 http://archive.ubuntu.com/ubuntu jammy/main amd64 libjs-jquery all 3.6.0+dfsg+~3.5.13-1 [321 kB]\r\nGet:70 http://archive.ubuntu.com/ubuntu jammy/main amd64 libjs-underscore all 1.13.2~dfsg-2 [118 kB]\r\nGet:71 http://archive.ubuntu.com/ubuntu jammy/main amd64 libjs-sphinxdoc all 4.3.2-1 [139 kB]\r\nGet:72 http://archive.ubuntu.com/ubuntu jammy-updates/main amd64 libpython3.10 amd64 3.10.12-1~22.04.12 [1949 kB]\r\nGet:73 http://archive.ubuntu.com/ubuntu jammy-updates/main amd64 zlib1g-dev amd64 1:1.2.11.dfsg-2ubuntu9.2 [164 kB]\r\nGet:74 http://archive.ubuntu.com/ubuntu jammy-updates/main amd64 libpython3.10-dev amd64 3.10.12-1~22.04.12 [4763 kB]\r\nGet:75 http://archive.ubuntu.com/ubuntu jammy-updates/main amd64 libpython3-dev amd64 3.10.6-1~22.04.1 [7064 B]\r\nGet:76 http://archive.ubuntu.com/ubuntu jammy/main amd64 manpages-dev all 5.10-1ubuntu1 [2309 kB]\r\nGet:77 http://archive.ubuntu.com/ubuntu jammy-updates/main amd64 python3.10-dev amd64 3.10.12-1~22.04.12 [508 kB]\r\nGet:78 http://archive.ubuntu.com/ubuntu jammy-updates/main amd64 python3-lib2to3 all 3.10.8-1~22.04 [77.6 kB]\r\nGet:79 http://archive.ubuntu.com/ubuntu jammy-updates/main amd64 python3-distutils all 3.10.8-1~22.04 [139 kB]\r\nGet:80 http://archive.ubuntu.com/ubuntu jammy-updates/main amd64 python3-dev amd64 3.10.6-1~22.04.1 [26.0 kB]\r\nGet:81 http://archive.ubuntu.com/ubuntu jammy-updates/main amd64 python3-setuptools all 59.6.0-1.2ubuntu0.22.04.3 [340 kB]\r\nGet:82 http://archive.ubuntu.com/ubuntu jammy-updates/universe amd64 python3-wheel all 0.37.1-2ubuntu0.22.04.1 [32.0 kB]\r\nGet:83 http://archive.ubuntu.com/ubuntu jammy-updates/universe amd64 python3-pip all 22.0.2+dfsg-1ubuntu0.7 [1306 kB]\r\nGet:38 http://archive.ubuntu.com/ubuntu jammy-updates/main amd64 cpp-11 amd64 11.4.0-1ubuntu1~22.04.2 [10.0 MB]\r\ndebconf: delaying package configuration, since apt-utils is not installed\r\nFetched 87.6 MB in 1min 41s (864 kB/s)\r\n(Reading database ... \r\n(Reading database ... 5%\r\n(Reading database ... 10%\r\n(Reading database ... 15%\r\n(Reading database ... 20%\r\n(Reading database ... 25%\r\n(Reading database ... 30%\r\n(Reading database ... 35%\r\n(Reading database ... 40%\r\n(Reading database ... 45%\r\n(Reading database ... 50%\r\n(Reading database ... 55%\r\n(Reading database ... 60%\r\n(Reading database ... 65%\r\n(Reading database ... 70%\r\n(Reading database ... 75%\r\n(Reading database ... 80%\r\n(Reading database ... 85%\r\n(Reading database ... 90%\r\n(Reading database ... 95%\r\n(Reading database ... 100%\r\n(Reading database ... 34738 files and directories currently installed.)\r\nPreparing to unpack .../libatomic1_12.3.0-1ubuntu1~22.04.2_amd64.deb ...\r\nUnpacking libatomic1:amd64 (12.3.0-1ubuntu1~22.04.2) over (12.3.0-1ubuntu1~22.04) ...\r\nPreparing to unpack .../libquadmath0_12.3.0-1ubuntu1~22.04.2_amd64.deb ...\r\nUnpacking libquadmath0:amd64 (12.3.0-1ubuntu1~22.04.2) over (12.3.0-1ubuntu1~22.04) ...\r\nPreparing to unpack .../libgomp1_12.3.0-1ubuntu1~22.04.2_amd64.deb ...\r\nUnpacking libgomp1:amd64 (12.3.0-1ubuntu1~22.04.2) over (12.3.0-1ubuntu1~22.04) ...\r\nPreparing to unpack .../libgfortran5_12.3.0-1ubuntu1~22.04.2_amd64.deb ...\r\nUnpacking libgfortran5:amd64 (12.3.0-1ubuntu1~22.04.2) over (12.3.0-1ubuntu1~22.04) ...\r\nPreparing to unpack .../gcc-12-base_12.3.0-1ubuntu1~22.04.2_amd64.deb ...\r\nUnpacking gcc-12-base:amd64 (12.3.0-1ubuntu1~22.04.2) over (12.3.0-1ubuntu1~22.04) ...\r\nSetting up gcc-12-base:amd64 (12.3.0-1ubuntu1~22.04.2) ...\r\n(Reading database ... \r\n(Reading database ... 5%\r\n(Reading database ... 10%\r\n(Reading database ... 15%\r\n(Reading database ... 20%\r\n(Reading database ... 25%\r\n(Reading database ... 30%\r\n(Reading database ... 35%\r\n(Reading database ... 40%\r\n(Reading database ... 45%\r\n(Reading database ... 50%\r\n(Reading database ... 55%\r\n(Reading database ... 60%\r\n(Reading database ... 65%\r\n(Reading database ... 70%\r\n(Reading database ... 75%\r\n(Reading database ... 80%\r\n(Reading database ... 85%\r\n(Reading database ... 90%\r\n(Reading database ... 95%\r\n(Reading database ... 100%\r\n(Reading database ... 34738 files and directories currently installed.)\r\nPreparing to unpack .../libgcc-s1_12.3.0-1ubuntu1~22.04.2_amd64.deb ...\r\nUnpacking libgcc-s1:amd64 (12.3.0-1ubuntu1~22.04.2) over (12.3.0-1ubuntu1~22.04) ...\r\nSetting up libgcc-s1:amd64 (12.3.0-1ubuntu1~22.04.2) ...\r\n(Reading database ... \r\n(Reading database ... 5%\r\n(Reading database ... 10%\r\n(Reading database ... 15%\r\n(Reading database ... 20%\r\n(Reading database ... 25%\r\n(Reading database ... 30%\r\n(Reading database ... 35%\r\n(Reading database ... 40%\r\n(Reading database ... 45%\r\n(Reading database ... 50%\r\n(Reading database ... 55%\r\n(Reading database ... 60%\r\n(Reading database ... 65%\r\n(Reading database ... 70%\r\n(Reading database ... 75%\r\n(Reading database ... 80%\r\n(Reading database ... 85%\r\n(Reading database ... 90%\r\n(Reading database ... 95%\r\n(Reading database ... 100%\r\n(Reading database ... 34738 files and directories currently installed.)\r\nPreparing to unpack .../libstdc++6_12.3.0-1ubuntu1~22.04.2_amd64.deb ...\r\nUnpacking libstdc++6:amd64 (12.3.0-1ubuntu1~22.04.2) over (12.3.0-1ubuntu1~22.04) ...\r\nSetting up libstdc++6:amd64 (12.3.0-1ubuntu1~22.04.2) ...\r\n(Reading database ... \r\n(Reading database ... 5%\r\n(Reading database ... 10%\r\n(Reading database ... 15%\r\n(Reading database ... 20%\r\n(Reading database ... 25%\r\n(Reading database ... 30%\r\n(Reading database ... 35%\r\n(Reading database ... 40%\r\n(Reading database ... 45%\r\n(Reading database ... 50%\r\n(Reading database ... 55%\r\n(Reading database ... 60%\r\n(Reading database ... 65%\r\n(Reading database ... 70%\r\n(Reading database ... 75%\r\n(Reading database ... 80%\r\n(Reading database ... 85%\r\n(Reading database ... 90%\r\n(Reading database ... 95%\r\n(Reading database ... 100%\r\n(Reading database ... 34738 files and directories currently installed.)\r\nPreparing to unpack .../libc6_2.35-0ubuntu3.11_amd64.deb ...\r\ndebconf: unable to initialize frontend: Dialog\r\ndebconf: (TERM is not set, so the dialog frontend is not usable.)\r\ndebconf: falling back to frontend: Readline\r\nUnpacking libc6:amd64 (2.35-0ubuntu3.11) over (2.35-0ubuntu3.4) ...\r\nSetting up libc6:amd64 (2.35-0ubuntu3.11) ...\r\ndebconf: unable to initialize frontend: Dialog\r\ndebconf: (TERM is not set, so the dialog frontend is not usable.)\r\ndebconf: falling back to frontend: Readline\r\nSelecting previously unselected package liblocale-gettext-perl.\r\n(Reading database ... \r\n(Reading database ... 5%\r\n(Reading database ... 10%\r\n(Reading database ... 15%\r\n(Reading database ... 20%\r\n(Reading database ... 25%\r\n(Reading database ... 30%\r\n(Reading database ... 35%\r\n(Reading database ... 40%\r\n(Reading database ... 45%\r\n(Reading database ... 50%\r\n(Reading database ... 55%\r\n(Reading database ... 60%\r\n(Reading database ... 65%\r\n(Reading database ... 70%\r\n(Reading database ... 75%\r\n(Reading database ... 80%\r\n(Reading database ... 85%\r\n(Reading database ... 90%\r\n(Reading database ... 95%\r\n(Reading database ... 100%\r\n(Reading database ... 34738 files and directories currently installed.)\r\nPreparing to unpack .../liblocale-gettext-perl_1.07-4build3_amd64.deb ...\r\nUnpacking liblocale-gettext-perl (1.07-4build3) ...\r\nPreparing to unpack .../python3-minimal_3.10.6-1~22.04.1_amd64.deb ...\r\nUnpacking python3-minimal (3.10.6-1~22.04.1) over (3.10.6-1~22.04) ...\r\nSetting up python3-minimal (3.10.6-1~22.04.1) ...\r\n(Reading database ... \r\n(Reading database ... 5%\r\n(Reading database ... 10%\r\n(Reading database ... 15%\r\n(Reading database ... 20%\r\n(Reading database ... 25%\r\n(Reading database ... 30%\r\n(Reading database ... 35%\r\n(Reading database ... 40%\r\n(Reading database ... 45%\r\n(Reading database ... 50%\r\n(Reading database ... 55%\r\n(Reading database ... 60%\r\n(Reading database ... 65%\r\n(Reading database ... 70%\r\n(Reading database ... 75%\r\n(Reading database ... 80%\r\n(Reading database ... 85%\r\n(Reading database ... 90%\r\n(Reading database ... 95%\r\n(Reading database ... 100%\r\n(Reading database ... 34749 files and directories currently installed.)\r\nPreparing to unpack .../00-python3_3.10.6-1~22.04.1_amd64.deb ...\r\nrunning python pre-rtupdate hooks for python3.10...\r\nUnpacking python3 (3.10.6-1~22.04.1) over (3.10.6-1~22.04) ...\r\nPreparing to unpack .../01-python3.10_3.10.12-1~22.04.12_amd64.deb ...\r\nUnpacking python3.10 (3.10.12-1~22.04.12) over (3.10.12-1~22.04.2) ...\r\nPreparing to unpack .../02-libpython3.10-stdlib_3.10.12-1~22.04.12_amd64.deb ...\r\nUnpacking libpython3.10-stdlib:amd64 (3.10.12-1~22.04.12) over (3.10.12-1~22.04.2) ...\r\nPreparing to unpack .../03-python3.10-minimal_3.10.12-1~22.04.12_amd64.deb ...\r\nUnpacking python3.10-minimal (3.10.12-1~22.04.12) over (3.10.12-1~22.04.2) ...\r\nPreparing to unpack .../04-libpython3.10-minimal_3.10.12-1~22.04.12_amd64.deb ...\r\nUnpacking libpython3.10-minimal:amd64 (3.10.12-1~22.04.12) over (3.10.12-1~22.04.2) ...\r\nPreparing to unpack .../05-libexpat1_2.4.7-1ubuntu0.6_amd64.deb ...\r\nUnpacking libexpat1:amd64 (2.4.7-1ubuntu0.6) over (2.4.7-1ubuntu0.2) ...\r\nPreparing to unpack .../06-libpython3-stdlib_3.10.6-1~22.04.1_amd64.deb ...\r\nUnpacking libpython3-stdlib:amd64 (3.10.6-1~22.04.1) over (3.10.6-1~22.04) ...\r\nSelecting previously unselected package python3-pkg-resources.\r\nPreparing to unpack .../07-python3-pkg-resources_59.6.0-1.2ubuntu0.22.04.3_all.deb ...\r\nUnpacking python3-pkg-resources (59.6.0-1.2ubuntu0.22.04.3) ...\r\nSelecting previously unselected package manpages.\r\nPreparing to unpack .../08-manpages_5.10-1ubuntu1_all.deb ...\r\nUnpacking manpages (5.10-1ubuntu1) ...\r\nSelecting previously unselected package xz-utils.\r\nPreparing to unpack .../09-xz-utils_5.2.5-2ubuntu1_amd64.deb ...\r\nUnpacking xz-utils (5.2.5-2ubuntu1) ...\r\nSelecting previously unselected package binutils-common:amd64.\r\nPreparing to unpack .../10-binutils-common_2.38-4ubuntu2.12_amd64.deb ...\r\nUnpacking binutils-common:amd64 (2.38-4ubuntu2.12) ...\r\nSelecting previously unselected package libbinutils:amd64.\r\nPreparing to unpack .../11-libbinutils_2.38-4ubuntu2.12_amd64.deb ...\r\nUnpacking libbinutils:amd64 (2.38-4ubuntu2.12) ...\r\nSelecting previously unselected package libctf-nobfd0:amd64.\r\nPreparing to unpack .../12-libctf-nobfd0_2.38-4ubuntu2.12_amd64.deb ...\r\nUnpacking libctf-nobfd0:amd64 (2.38-4ubuntu2.12) ...\r\nSelecting previously unselected package libctf0:amd64.\r\nPreparing to unpack .../13-libctf0_2.38-4ubuntu2.12_amd64.deb ...\r\nUnpacking libctf0:amd64 (2.38-4ubuntu2.12) ...\r\nSelecting previously unselected package binutils-x86-64-linux-gnu.\r\nPreparing to unpack .../14-binutils-x86-64-linux-gnu_2.38-4ubuntu2.12_amd64.deb ...\r\nUnpacking binutils-x86-64-linux-gnu (2.38-4ubuntu2.12) ...\r\nSelecting previously unselected package binutils.\r\nPreparing to unpack .../15-binutils_2.38-4ubuntu2.12_amd64.deb ...\r\nUnpacking binutils (2.38-4ubuntu2.12) ...\r\nSelecting previously unselected package libc-dev-bin.\r\nPreparing to unpack .../16-libc-dev-bin_2.35-0ubuntu3.11_amd64.deb ...\r\nUnpacking libc-dev-bin (2.35-0ubuntu3.11) ...\r\nSelecting previously unselected package linux-libc-dev:amd64.\r\nPreparing to unpack .../17-linux-libc-dev_5.15.0-164.174_amd64.deb ...\r\nUnpacking linux-libc-dev:amd64 (5.15.0-164.174) ...\r\nSelecting previously unselected package libcrypt-dev:amd64.\r\nPreparing to unpack .../18-libcrypt-dev_1%3a4.4.27-1_amd64.deb ...\r\nUnpacking libcrypt-dev:amd64 (1:4.4.27-1) ...\r\nSelecting previously unselected package rpcsvc-proto.\r\nPreparing to unpack .../19-rpcsvc-proto_1.4.2-0ubuntu6_amd64.deb ...\r\nUnpacking rpcsvc-proto (1.4.2-0ubuntu6) ...\r\nSelecting previously unselected package libtirpc-dev:amd64.\r\nPreparing to unpack .../20-libtirpc-dev_1.3.2-2ubuntu0.1_amd64.deb ...\r\nUnpacking libtirpc-dev:amd64 (1.3.2-2ubuntu0.1) ...\r\nSelecting previously unselected package libnsl-dev:amd64.\r\nPreparing to unpack .../21-libnsl-dev_1.3.0-2build2_amd64.deb ...\r\nUnpacking libnsl-dev:amd64 (1.3.0-2build2) ...\r\nSelecting previously unselected package libc6-dev:amd64.\r\nPreparing to unpack .../22-libc6-dev_2.35-0ubuntu3.11_amd64.deb ...\r\nUnpacking libc6-dev:amd64 (2.35-0ubuntu3.11) ...\r\nSelecting previously unselected package gcc-11-base:amd64.\r\nPreparing to unpack .../23-gcc-11-base_11.4.0-1ubuntu1~22.04.2_amd64.deb ...\r\nUnpacking gcc-11-base:amd64 (11.4.0-1ubuntu1~22.04.2) ...\r\nSelecting previously unselected package libisl23:amd64.\r\nPreparing to unpack .../24-libisl23_0.24-2build1_amd64.deb ...\r\nUnpacking libisl23:amd64 (0.24-2build1) ...\r\nSelecting previously unselected package libmpfr6:amd64.\r\nPreparing to unpack .../25-libmpfr6_4.1.0-3build3_amd64.deb ...\r\nUnpacking libmpfr6:amd64 (4.1.0-3build3) ...\r\nSelecting previously unselected package libmpc3:amd64.\r\nPreparing to unpack .../26-libmpc3_1.2.1-2build1_amd64.deb ...\r\nUnpacking libmpc3:amd64 (1.2.1-2build1) ...\r\nSelecting previously unselected package cpp-11.\r\nPreparing to unpack .../27-cpp-11_11.4.0-1ubuntu1~22.04.2_amd64.deb ...\r\nUnpacking cpp-11 (11.4.0-1ubuntu1~22.04.2) ...\r\nSelecting previously unselected package cpp.\r\nPreparing to unpack .../28-cpp_4%3a11.2.0-1ubuntu1_amd64.deb ...\r\nUnpacking cpp (4:11.2.0-1ubuntu1) ...\r\nSelecting previously unselected package libcc1-0:amd64.\r\nPreparing to unpack .../29-libcc1-0_12.3.0-1ubuntu1~22.04.2_amd64.deb ...\r\nUnpacking libcc1-0:amd64 (12.3.0-1ubuntu1~22.04.2) ...\r\nSelecting previously unselected package libitm1:amd64.\r\nPreparing to unpack .../30-libitm1_12.3.0-1ubuntu1~22.04.2_amd64.deb ...\r\nUnpacking libitm1:amd64 (12.3.0-1ubuntu1~22.04.2) ...\r\nSelecting previously unselected package libasan6:amd64.\r\nPreparing to unpack .../31-libasan6_11.4.0-1ubuntu1~22.04.2_amd64.deb ...\r\nUnpacking libasan6:amd64 (11.4.0-1ubuntu1~22.04.2) ...\r\nSelecting previously unselected package liblsan0:amd64.\r\nPreparing to unpack .../32-liblsan0_12.3.0-1ubuntu1~22.04.2_amd64.deb ...\r\nUnpacking liblsan0:amd64 (12.3.0-1ubuntu1~22.04.2) ...\r\nSelecting previously unselected package libtsan0:amd64.\r\nPreparing to unpack .../33-libtsan0_11.4.0-1ubuntu1~22.04.2_amd64.deb ...\r\nUnpacking libtsan0:amd64 (11.4.0-1ubuntu1~22.04.2) ...\r\nSelecting previously unselected package libubsan1:amd64.\r\nPreparing to unpack .../34-libubsan1_12.3.0-1ubuntu1~22.04.2_amd64.deb ...\r\nUnpacking libubsan1:amd64 (12.3.0-1ubuntu1~22.04.2) ...\r\nSelecting previously unselected package libgcc-11-dev:amd64.\r\nPreparing to unpack .../35-libgcc-11-dev_11.4.0-1ubuntu1~22.04.2_amd64.deb ...\r\nUnpacking libgcc-11-dev:amd64 (11.4.0-1ubuntu1~22.04.2) ...\r\nSelecting previously unselected package gcc-11.\r\nPreparing to unpack .../36-gcc-11_11.4.0-1ubuntu1~22.04.2_amd64.deb ...\r\nUnpacking gcc-11 (11.4.0-1ubuntu1~22.04.2) ...\r\nSelecting previously unselected package gcc.\r\nPreparing to unpack .../37-gcc_4%3a11.2.0-1ubuntu1_amd64.deb ...\r\nUnpacking gcc (4:11.2.0-1ubuntu1) ...\r\nSelecting previously unselected package libstdc++-11-dev:amd64.\r\nPreparing to unpack .../38-libstdc++-11-dev_11.4.0-1ubuntu1~22.04.2_amd64.deb ...\r\nUnpacking libstdc++-11-dev:amd64 (11.4.0-1ubuntu1~22.04.2) ...\r\nSelecting previously unselected package g++-11.\r\nPreparing to unpack .../39-g++-11_11.4.0-1ubuntu1~22.04.2_amd64.deb ...\r\nUnpacking g++-11 (11.4.0-1ubuntu1~22.04.2) ...\r\nSelecting previously unselected package g++.\r\nPreparing to unpack .../40-g++_4%3a11.2.0-1ubuntu1_amd64.deb ...\r\nUnpacking g++ (4:11.2.0-1ubuntu1) ...\r\nSelecting previously unselected package make.\r\nPreparing to unpack .../41-make_4.3-4.1build1_amd64.deb ...\r\nUnpacking make (4.3-4.1build1) ...\r\nSelecting previously unselected package libdpkg-perl.\r\nPreparing to unpack .../42-libdpkg-perl_1.21.1ubuntu2.6_all.deb ...\r\nUnpacking libdpkg-perl (1.21.1ubuntu2.6) ...\r\nSelecting previously unselected package bzip2.\r\nPreparing to unpack .../43-bzip2_1.0.8-5build1_amd64.deb ...\r\nUnpacking bzip2 (1.0.8-5build1) ...\r\nSelecting previously unselected package patch.\r\nPreparing to unpack .../44-patch_2.7.6-7build2_amd64.deb ...\r\nUnpacking patch (2.7.6-7build2) ...\r\nSelecting previously unselected package lto-disabled-list.\r\nPreparing to unpack .../45-lto-disabled-list_24_all.deb ...\r\nUnpacking lto-disabled-list (24) ...\r\nSelecting previously unselected package dpkg-dev.\r\nPreparing to unpack .../46-dpkg-dev_1.21.1ubuntu2.6_all.deb ...\r\nUnpacking dpkg-dev (1.21.1ubuntu2.6) ...\r\nSelecting previously unselected package build-essential.\r\nPreparing to unpack .../47-build-essential_12.9ubuntu3_amd64.deb ...\r\nUnpacking build-essential (12.9ubuntu3) ...\r\nSelecting previously unselected package libfakeroot:amd64.\r\nPreparing to unpack .../48-libfakeroot_1.28-1ubuntu1_amd64.deb ...\r\nUnpacking libfakeroot:amd64 (1.28-1ubuntu1) ...\r\nSelecting previously unselected package fakeroot.\r\nPreparing to unpack .../49-fakeroot_1.28-1ubuntu1_amd64.deb ...\r\nUnpacking fakeroot (1.28-1ubuntu1) ...\r\nSelecting previously unselected package javascript-common.\r\nPreparing to unpack .../50-javascript-common_11+nmu1_all.deb ...\r\nUnpacking javascript-common (11+nmu1) ...\r\nSelecting previously unselected package libalgorithm-diff-perl.\r\nPreparing to unpack .../51-libalgorithm-diff-perl_1.201-1_all.deb ...\r\nUnpacking libalgorithm-diff-perl (1.201-1) ...\r\nSelecting previously unselected package libalgorithm-diff-xs-perl.\r\nPreparing to unpack .../52-libalgorithm-diff-xs-perl_0.04-6build3_amd64.deb ...\r\nUnpacking libalgorithm-diff-xs-perl (0.04-6build3) ...\r\nSelecting previously unselected package libalgorithm-merge-perl.\r\nPreparing to unpack .../53-libalgorithm-merge-perl_0.08-3_all.deb ...\r\nUnpacking libalgorithm-merge-perl (0.08-3) ...\r\nSelecting previously unselected package libgd3:amd64.\r\nPreparing to unpack .../54-libgd3_2.3.0-2ubuntu2.3_amd64.deb ...\r\nUnpacking libgd3:amd64 (2.3.0-2ubuntu2.3) ...\r\nSelecting previously unselected package libc-devtools.\r\nPreparing to unpack .../55-libc-devtools_2.35-0ubuntu3.11_amd64.deb ...\r\nUnpacking libc-devtools (2.35-0ubuntu3.11) ...\r\nSelecting previously unselected package libexpat1-dev:amd64.\r\nPreparing to unpack .../56-libexpat1-dev_2.4.7-1ubuntu0.6_amd64.deb ...\r\nUnpacking libexpat1-dev:amd64 (2.4.7-1ubuntu0.6) ...\r\nSelecting previously unselected package libfile-fcntllock-perl.\r\nPreparing to unpack .../57-libfile-fcntllock-perl_0.22-3build7_amd64.deb ...\r\nUnpacking libfile-fcntllock-perl (0.22-3build7) ...\r\nSelecting previously unselected package libjs-jquery.\r\nPreparing to unpack .../58-libjs-jquery_3.6.0+dfsg+~3.5.13-1_all.deb ...\r\nUnpacking libjs-jquery (3.6.0+dfsg+~3.5.13-1) ...\r\nSelecting previously unselected package libjs-underscore.\r\nPreparing to unpack .../59-libjs-underscore_1.13.2~dfsg-2_all.deb ...\r\nUnpacking libjs-underscore (1.13.2~dfsg-2) ...\r\nSelecting previously unselected package libjs-sphinxdoc.\r\nPreparing to unpack .../60-libjs-sphinxdoc_4.3.2-1_all.deb ...\r\nUnpacking libjs-sphinxdoc (4.3.2-1) ...\r\nSelecting previously unselected package libpython3.10:amd64.\r\nPreparing to unpack .../61-libpython3.10_3.10.12-1~22.04.12_amd64.deb ...\r\nUnpacking libpython3.10:amd64 (3.10.12-1~22.04.12) ...\r\nSelecting previously unselected package zlib1g-dev:amd64.\r\nPreparing to unpack .../62-zlib1g-dev_1%3a1.2.11.dfsg-2ubuntu9.2_amd64.deb ...\r\nUnpacking zlib1g-dev:amd64 (1:1.2.11.dfsg-2ubuntu9.2) ...\r\nSelecting previously unselected package libpython3.10-dev:amd64.\r\nPreparing to unpack .../63-libpython3.10-dev_3.10.12-1~22.04.12_amd64.deb ...\r\nUnpacking libpython3.10-dev:amd64 (3.10.12-1~22.04.12) ...\r\nSelecting previously unselected package libpython3-dev:amd64.\r\nPreparing to unpack .../64-libpython3-dev_3.10.6-1~22.04.1_amd64.deb ...\r\nUnpacking libpython3-dev:amd64 (3.10.6-1~22.04.1) ...\r\nSelecting previously unselected package manpages-dev.\r\nPreparing to unpack .../65-manpages-dev_5.10-1ubuntu1_all.deb ...\r\nUnpacking manpages-dev (5.10-1ubuntu1) ...\r\nSelecting previously unselected package python3.10-dev.\r\nPreparing to unpack .../66-python3.10-dev_3.10.12-1~22.04.12_amd64.deb ...\r\nUnpacking python3.10-dev (3.10.12-1~22.04.12) ...\r\nSelecting previously unselected package python3-lib2to3.\r\nPreparing to unpack .../67-python3-lib2to3_3.10.8-1~22.04_all.deb ...\r\nUnpacking python3-lib2to3 (3.10.8-1~22.04) ...\r\nSelecting previously unselected package python3-distutils.\r\nPreparing to unpack .../68-python3-distutils_3.10.8-1~22.04_all.deb ...\r\nUnpacking python3-distutils (3.10.8-1~22.04) ...\r\nSelecting previously unselected package python3-dev.\r\nPreparing to unpack .../69-python3-dev_3.10.6-1~22.04.1_amd64.deb ...\r\nUnpacking python3-dev (3.10.6-1~22.04.1) ...\r\nSelecting previously unselected package python3-setuptools.\r\nPreparing to unpack .../70-python3-setuptools_59.6.0-1.2ubuntu0.22.04.3_all.deb ...\r\nUnpacking python3-setuptools (59.6.0-1.2ubuntu0.22.04.3) ...\r\nSelecting previously unselected package python3-wheel.\r\nPreparing to unpack .../71-python3-wheel_0.37.1-2ubuntu0.22.04.1_all.deb ...\r\nUnpacking python3-wheel (0.37.1-2ubuntu0.22.04.1) ...\r\nSelecting previously unselected package python3-pip.\r\nPreparing to unpack .../72-python3-pip_22.0.2+dfsg-1ubuntu0.7_all.deb ...\r\nUnpacking python3-pip (22.0.2+dfsg-1ubuntu0.7) ...\r\nSetting up libexpat1:amd64 (2.4.7-1ubuntu0.6) ...\r\nSetting up javascript-common (11+nmu1) ...\r\nSetting up gcc-11-base:amd64 (11.4.0-1ubuntu1~22.04.2) ...\r\nSetting up lto-disabled-list (24) ...\r\nSetting up libfile-fcntllock-perl (0.22-3build7) ...\r\nSetting up libalgorithm-diff-perl (1.201-1) ...\r\nSetting up manpages (5.10-1ubuntu1) ...\r\nSetting up binutils-common:amd64 (2.38-4ubuntu2.12) ...\r\nSetting up linux-libc-dev:amd64 (5.15.0-164.174) ...\r\nSetting up libctf-nobfd0:amd64 (2.38-4ubuntu2.12) ...\r\nSetting up libgomp1:amd64 (12.3.0-1ubuntu1~22.04.2) ...\r\nSetting up bzip2 (1.0.8-5build1) ...\r\nSetting up libfakeroot:amd64 (1.28-1ubuntu1) ...\r\nSetting up libasan6:amd64 (11.4.0-1ubuntu1~22.04.2) ...\r\nSetting up fakeroot (1.28-1ubuntu1) ...\r\nupdate-alternatives: using /usr/bin/fakeroot-sysv to provide /usr/bin/fakeroot (fakeroot) in auto mode\r\nupdate-alternatives: warning: skip creation of /usr/share/man/man1/fakeroot.1.gz because associated file /usr/share/man/man1/fakeroot-sysv.1.gz (of link group fakeroot) doesn\u0027t exist\r\nupdate-alternatives: warning: skip creation of /usr/share/man/man1/faked.1.gz because associated file /usr/share/man/man1/faked-sysv.1.gz (of link group fakeroot) doesn\u0027t exist\r\nupdate-alternatives: warning: skip creation of /usr/share/man/es/man1/fakeroot.1.gz because associated file /usr/share/man/es/man1/fakeroot-sysv.1.gz (of link group fakeroot) doesn\u0027t exist\r\nupdate-alternatives: warning: skip creation of /usr/share/man/es/man1/faked.1.gz because associated file /usr/share/man/es/man1/faked-sysv.1.gz (of link group fakeroot) doesn\u0027t exist\r\nupdate-alternatives: warning: skip creation of /usr/share/man/fr/man1/fakeroot.1.gz because associated file /usr/share/man/fr/man1/fakeroot-sysv.1.gz (of link group fakeroot) doesn\u0027t exist\r\nupdate-alternatives: warning: skip creation of /usr/share/man/fr/man1/faked.1.gz because associated file /usr/share/man/fr/man1/faked-sysv.1.gz (of link group fakeroot) doesn\u0027t exist\r\nupdate-alternatives: warning: skip creation of /usr/share/man/sv/man1/fakeroot.1.gz because associated file /usr/share/man/sv/man1/fakeroot-sysv.1.gz (of link group fakeroot) doesn\u0027t exist\r\nupdate-alternatives: warning: skip creation of /usr/share/man/sv/man1/faked.1.gz because associated file /usr/share/man/sv/man1/faked-sysv.1.gz (of link group fakeroot) doesn\u0027t exist\r\nSetting up libtirpc-dev:amd64 (1.3.2-2ubuntu0.1) ...\r\nSetting up rpcsvc-proto (1.4.2-0ubuntu6) ...\r\nSetting up make (4.3-4.1build1) ...\r\nSetting up libmpfr6:amd64 (4.1.0-3build3) ...\r\nSetting up xz-utils (5.2.5-2ubuntu1) ...\r\nupdate-alternatives: using /usr/bin/xz to provide /usr/bin/lzma (lzma) in auto mode\r\nupdate-alternatives: warning: skip creation of /usr/share/man/man1/lzma.1.gz because associated file /usr/share/man/man1/xz.1.gz (of link group lzma) doesn\u0027t exist\r\nupdate-alternatives: warning: skip creation of /usr/share/man/man1/unlzma.1.gz because associated file /usr/share/man/man1/unxz.1.gz (of link group lzma) doesn\u0027t exist\r\nupdate-alternatives: warning: skip creation of /usr/share/man/man1/lzcat.1.gz because associated file /usr/share/man/man1/xzcat.1.gz (of link group lzma) doesn\u0027t exist\r\nupdate-alternatives: warning: skip creation of /usr/share/man/man1/lzmore.1.gz because associated file /usr/share/man/man1/xzmore.1.gz (of link group lzma) doesn\u0027t exist\r\nupdate-alternatives: warning: skip creation of /usr/share/man/man1/lzless.1.gz because associated file /usr/share/man/man1/xzless.1.gz (of link group lzma) doesn\u0027t exist\r\nupdate-alternatives: warning: skip creation of /usr/share/man/man1/lzdiff.1.gz because associated file /usr/share/man/man1/xzdiff.1.gz (of link group lzma) doesn\u0027t exist\r\nupdate-alternatives: warning: skip creation of /usr/share/man/man1/lzcmp.1.gz because associated file /usr/share/man/man1/xzcmp.1.gz (of link group lzma) doesn\u0027t exist\r\nupdate-alternatives: warning: skip creation of /usr/share/man/man1/lzgrep.1.gz because associated file /usr/share/man/man1/xzgrep.1.gz (of link group lzma) doesn\u0027t exist\r\nupdate-alternatives: warning: skip creation of /usr/share/man/man1/lzegrep.1.gz because associated file /usr/share/man/man1/xzegrep.1.gz (of link group lzma) doesn\u0027t exist\r\nupdate-alternatives: warning: skip creation of /usr/share/man/man1/lzfgrep.1.gz because associated file /usr/share/man/man1/xzfgrep.1.gz (of link group lzma) doesn\u0027t exist\r\nSetting up libquadmath0:amd64 (12.3.0-1ubuntu1~22.04.2) ...\r\nSetting up libgd3:amd64 (2.3.0-2ubuntu2.3) ...\r\nSetting up libmpc3:amd64 (1.2.1-2build1) ...\r\nSetting up libatomic1:amd64 (12.3.0-1ubuntu1~22.04.2) ...\r\nSetting up patch (2.7.6-7build2) ...\r\nSetting up libpython3.10-minimal:amd64 (3.10.12-1~22.04.12) ...\r\nSetting up libdpkg-perl (1.21.1ubuntu2.6) ...\r\nSetting up libgfortran5:amd64 (12.3.0-1ubuntu1~22.04.2) ...\r\nSetting up libubsan1:amd64 (12.3.0-1ubuntu1~22.04.2) ...\r\nSetting up libnsl-dev:amd64 (1.3.0-2build2) ...\r\nSetting up libcrypt-dev:amd64 (1:4.4.27-1) ...\r\nSetting up libjs-jquery (3.6.0+dfsg+~3.5.13-1) ...\r\nSetting up libbinutils:amd64 (2.38-4ubuntu2.12) ...\r\nSetting up libisl23:amd64 (0.24-2build1) ...\r\nSetting up libc-dev-bin (2.35-0ubuntu3.11) ...\r\nSetting up libalgorithm-diff-xs-perl (0.04-6build3) ...\r\nSetting up libcc1-0:amd64 (12.3.0-1ubuntu1~22.04.2) ...\r\nSetting up liblocale-gettext-perl (1.07-4build3) ...\r\nSetting up liblsan0:amd64 (12.3.0-1ubuntu1~22.04.2) ...\r\nSetting up libitm1:amd64 (12.3.0-1ubuntu1~22.04.2) ...\r\nSetting up libc-devtools (2.35-0ubuntu3.11) ...\r\nSetting up libjs-underscore (1.13.2~dfsg-2) ...\r\nSetting up libalgorithm-merge-perl (0.08-3) ...\r\nSetting up libtsan0:amd64 (11.4.0-1ubuntu1~22.04.2) ...\r\nSetting up libctf0:amd64 (2.38-4ubuntu2.12) ...\r\nSetting up cpp-11 (11.4.0-1ubuntu1~22.04.2) ...\r\nSetting up manpages-dev (5.10-1ubuntu1) ...\r\nSetting up python3.10-minimal (3.10.12-1~22.04.12) ...\r\nSetting up libpython3.10-stdlib:amd64 (3.10.12-1~22.04.12) ...\r\nSetting up libjs-sphinxdoc (4.3.2-1) ...\r\nSetting up libgcc-11-dev:amd64 (11.4.0-1ubuntu1~22.04.2) ...\r\nSetting up cpp (4:11.2.0-1ubuntu1) ...\r\nSetting up libc6-dev:amd64 (2.35-0ubuntu3.11) ...\r\nSetting up libpython3-stdlib:amd64 (3.10.6-1~22.04.1) ...\r\nSetting up binutils-x86-64-linux-gnu (2.38-4ubuntu2.12) ...\r\nSetting up libpython3.10:amd64 (3.10.12-1~22.04.12) ...\r\nSetting up python3.10 (3.10.12-1~22.04.12) ...\r\nSetting up python3 (3.10.6-1~22.04.1) ...\r\nrunning python rtupdate hooks for python3.10...\r\nrunning python post-rtupdate hooks for python3.10...\r\nSetting up binutils (2.38-4ubuntu2.12) ...\r\nSetting up dpkg-dev (1.21.1ubuntu2.6) ...\r\nSetting up libexpat1-dev:amd64 (2.4.7-1ubuntu0.6) ...\r\nSetting up libstdc++-11-dev:amd64 (11.4.0-1ubuntu1~22.04.2) ...\r\nSetting up zlib1g-dev:amd64 (1:1.2.11.dfsg-2ubuntu9.2) ...\r\nSetting up gcc-11 (11.4.0-1ubuntu1~22.04.2) ...\r\nSetting up python3-lib2to3 (3.10.8-1~22.04) ...\r\nSetting up python3-pkg-resources (59.6.0-1.2ubuntu0.22.04.3) ...\r\nSetting up python3-distutils (3.10.8-1~22.04) ...\r\nSetting up python3-setuptools (59.6.0-1.2ubuntu0.22.04.3) ...\r\nSetting up g++-11 (11.4.0-1ubuntu1~22.04.2) ...\r\nSetting up python3-wheel (0.37.1-2ubuntu0.22.04.1) ...\r\nSetting up gcc (4:11.2.0-1ubuntu1) ...\r\nSetting up libpython3.10-dev:amd64 (3.10.12-1~22.04.12) ...\r\nSetting up python3-pip (22.0.2+dfsg-1ubuntu0.7) ...\r\nSetting up python3.10-dev (3.10.12-1~22.04.12) ...\r\nSetting up g++ (4:11.2.0-1ubuntu1) ...\r\nupdate-alternatives: using /usr/bin/g++ to provide /usr/bin/c++ (c++) in auto mode\r\nupdate-alternatives: warning: skip creation of /usr/share/man/man1/c++.1.gz because associated file /usr/share/man/man1/g++.1.gz (of link group c++) doesn\u0027t exist\r\nSetting up build-essential (12.9ubuntu3) ...\r\nSetting up libpython3-dev:amd64 (3.10.6-1~22.04.1) ...\r\nSetting up python3-dev (3.10.6-1~22.04.1) ...\r\nProcessing triggers for libc-bin (2.35-0ubuntu3.4) ...\r\nWARNING: Running pip as the \u0027root\u0027 user can result in broken permissions and conflicting behaviour with the system package manager. It is recommended to use a virtual environment instead: https://pip.pypa.io/warnings/venv\r\n============================= test session starts ==============================\r\nplatform linux -- Python 3.10.12, pytest-9.0.2, pluggy-1.6.0 -- /usr/bin/python3\r\ncachedir: .pytest_cache\r\nrootdir: /work\r\ncollecting ... collected 1 item\r\n\r\ntest_guaranteed.py::test_google_title FAILED                             [100%]\r\n\r\n=================================== FAILURES ===================================\r\n______________________________ test_google_title _______________________________\r\n\r\n    def test_google_title():\r\n        with sync_playwright() as p:\r\n\u003e           browser = p.chromium.launch(headless=True)\r\n\r\ntest_guaranteed.py:6: \r\n_ _ _ _ _ _ _ _ _ _ _ _ _ _ _ _ _ _ _ _ _ _ _ _ _ _ _ _ _ _ _ _ _ _ _ _ _ _ _ _ \r\n/usr/local/lib/python3.10/dist-packages/playwright/sync_api/_generated.py:14568: in launch\r\n    self._sync(\r\n/usr/local/lib/python3.10/dist-packages/playwright/_impl/_browser_type.py:98: in launch\r\n    await self._channel.send(\r\n/usr/local/lib/python3.10/dist-packages/playwright/_impl/_connection.py:69: in send\r\n    return await self._connection.wrap_api_call(\r\n_ _ _ _ _ _ _ _ _ _ _ _ _ _ _ _ _ _ _ _ _ _ _ _ _ _ _ _ _ _ _ _ _ _ _ _ _ _ _ _ \r\n\r\nself = \u003cplaywright._impl._connection.Connection object at 0x782832daa080\u003e\r\ncb = \u003cfunction Channel.send.\u003clocals\u003e.\u003clambda\u003e at 0x782832dbe9e0\u003e\r\nis_internal = False, title = None\r\n\r\n    async def wrap_api_call(\r\n        self, cb: Callable[[], Any], is_internal: bool = False, title: str = None\r\n    ) -\u003e Any:\r\n        if self._api_zone.get():\r\n            return await cb()\r\n        task = asyncio.current_task(self._loop)\r\n        st: List[inspect.FrameInfo] = getattr(\r\n            task, \"__pw_stack__\", None\r\n        ) or inspect.stack(0)\r\n    \r\n        parsed_st = _extract_stack_trace_information_from_stack(st, is_internal, title)\r\n        self._api_zone.set(parsed_st)\r\n        try:\r\n            return await cb()\r\n        except Exception as error:\r\n\u003e           raise rewrite_error(error, f\"{parsed_st[\u0027apiName\u0027]}: {error}\") from None\r\nE           playwright._impl._errors.Error: BrowserType.launch: Executable doesn\u0027t exist at /ms-playwright/chromium_headless_shell-1200/chrome-headless-shell-linux64/chrome-headless-shell\r\nE           â•”â•â•â•â•â•â•â•â•â•â•â•â•â•â•â•â•â•â•â•â•â•â•â•â•â•â•â•â•â•â•â•â•â•â•â•â•â•â•â•â•â•â•â•â•â•â•â•â•â•â•â•â•â•â•â•â•â•—\r\nE           â•‘ Looks like Playwright was just updated to 1.57.0.      â•‘\r\nE           â•‘ Please update docker image as well.                    â•‘\r\nE           â•‘ -  current: mcr.microsoft.com/playwright:v1.40.0-jammy â•‘\r\nE           â•‘ - required: mcr.microsoft.com/playwright:v1.57.0-jammy â•‘\r\nE           â•‘                                                        â•‘\r\nE           â•‘ \u003c3 Playwright Team                                     â•‘\r\nE           â•šâ•â•â•â•â•â•â•â•â•â•â•â•â•â•â•â•â•â•â•â•â•â•â•â•â•â•â•â•â•â•â•â•â•â•â•â•â•â•â•â•â•â•â•â•â•â•â•â•â•â•â•â•â•â•â•â•â•\r\n\r\n/usr/local/lib/python3.10/dist-packages/playwright/_impl/_connection.py:559: Error\r\n=========================== short test summary info ============================\r\nFAILED test_guaranteed.py::test_google_title - playwright._impl._errors.Error: BrowserType.launch: Executable doesn\u0027t exist at /ms-playwright/chromium_headless_shell-1200/chrome-headless-shell-linux64/chrome-headless-shell\r\nâ•”â•â•â•â•â•â•â•â•â•â•â•â•â•â•â•â•â•â•â•â•â•â•â•â•â•â•â•â•â•â•â•â•â•â•â•â•â•â•â•â•â•â•â•â•â•â•â•â•â•â•â•â•â•â•â•â•â•—\r\nâ•‘ Looks like Playwright was just updated to 1.57.0.      â•‘\r\nâ•‘ Please update docker image as well.                    â•‘\r\nâ•‘ -  current: mcr.microsoft.com/playwright:v1.40.0-jammy â•‘\r\nâ•‘ - required: mcr.microsoft.com/playwright:v1.57.0-jammy â•‘\r\nâ•‘                                                        â•‘\r\nâ•‘ \u003c3 Playwright Team                                     â•‘\r\nâ•šâ•â•â•â•â•â•â•â•â•â•â•â•â•â•â•â•â•â•â•â•â•â•â•â•â•â•â•â•â•â•â•â•â•â•â•â•â•â•â•â•â•â•â•â•â•â•â•â•â•â•â•â•â•â•â•â•â•\r\n============================== 1 failed in 0.91s ===============================\r\n",
    "test_url":  "https://github.com/sivaparvathi-coastal7/login_signup",
    "stack_trace":  "Get:1 http://security.ubuntu.com/ubuntu jammy-security InRelease [129 kB]\r\nGet:2 https://deb.nodesource.com/node_20.x nodistro InRelease [12.1 kB]\r\nGet:3 https://deb.nodesource.com/node_20.x nodistro/main amd64 Packages [13.3 kB]\r\nGet:4 http://archive.ubuntu.com/ubuntu jammy InRelease [270 kB]\r\nGet:5 http://security.ubuntu.com/ubuntu jammy-security/multiverse amd64 Packages [60.9 kB]\r\nGet:6 http://security.ubuntu.com/ubuntu jammy-security/universe amd64 Packages [1287 kB]\r\nGet:7 http://archive.ubuntu.com/ubuntu jammy-updates InRelease [128 kB]\r\nGet:8 http://archive.ubuntu.com/ubuntu jammy-backports InRelease [127 kB]\r\nGet:9 http://security.ubuntu.com/ubuntu jammy-security/main amd64 Packages [3633 kB]\r\nGet:10 http://archive.ubuntu.com/ubuntu jammy/restricted amd64 Packages [164 kB]\r\nGet:11 http://archive.ubuntu.com/ubuntu jammy/universe amd64 Packages [17.5 MB]\r\nGet:12 http://security.ubuntu.com/ubuntu jammy-security/restricted amd64 Packages [6205 kB]\r\nGet:13 http://archive.ubuntu.com/ubuntu jammy/main amd64 Packages [1792 kB]\r\nGet:14 http://archive.ubuntu.com/ubuntu jammy/multiverse amd64 Packages [266 kB]\r\nGet:15 http://archive.ubuntu.com/ubuntu jammy-updates/multiverse amd64 Packages [69.2 kB]\r\nGet:16 http://archive.ubuntu.com/ubuntu jammy-updates/restricted amd64 Packages [6411 kB]\r\nGet:17 http://archive.ubuntu.com/ubuntu jammy-updates/universe amd64 Packages [1598 kB]\r\nGet:18 http://archive.ubuntu.com/ubuntu jammy-updates/main amd64 Packages [3966 kB]\r\nGet:19 http://archive.ubuntu.com/ubuntu jammy-backports/universe amd64 Packages [37.2 kB]\r\nGet:20 http://archive.ubuntu.com/ubuntu jammy-backports/main amd64 Packages [83.9 kB]\r\nFetched 43.7 MB in 7s (5935 kB/s)\r\nReading package lists...\r\nReading package lists...\r\nBuilding dependency tree...\r\nReading state information...\r\nThe following additional packages will be installed:\r\n  binutils binutils-common binutils-x86-64-linux-gnu build-essential bzip2 cpp\r\n  cpp-11 dpkg-dev fakeroot g++ g++-11 gcc gcc-11 gcc-11-base gcc-12-base\r\n  javascript-common libalgorithm-diff-perl libalgorithm-diff-xs-perl\r\n  libalgorithm-merge-perl libasan6 libatomic1 libbinutils libc-dev-bin\r\n  libc-devtools libc6 libc6-dev libcc1-0 libcrypt-dev libctf-nobfd0 libctf0\r\n  libdpkg-perl libexpat1 libexpat1-dev libfakeroot libfile-fcntllock-perl\r\n  libgcc-11-dev libgcc-s1 libgd3 libgfortran5 libgomp1 libisl23 libitm1\r\n  libjs-jquery libjs-sphinxdoc libjs-underscore liblocale-gettext-perl\r\n  liblsan0 libmpc3 libmpfr6 libnsl-dev libpython3-dev libpython3-stdlib\r\n  libpython3.10 libpython3.10-dev libpython3.10-minimal libpython3.10-stdlib\r\n  libquadmath0 libstdc++-11-dev libstdc++6 libtirpc-dev libtsan0 libubsan1\r\n  linux-libc-dev lto-disabled-list make manpages manpages-dev patch python3\r\n  python3-dev python3-distutils python3-lib2to3 python3-minimal\r\n  python3-pkg-resources python3-setuptools python3-wheel python3.10\r\n  python3.10-dev python3.10-minimal rpcsvc-proto xz-utils zlib1g-dev\r\nSuggested packages:\r\n  binutils-doc bzip2-doc cpp-doc gcc-11-locales debian-keyring g++-multilib\r\n  g++-11-multilib gcc-11-doc gcc-multilib autoconf automake libtool flex bison\r\n  gdb gcc-doc gcc-11-multilib apache2 | lighttpd | httpd glibc-doc locales bzr\r\n  libgd-tools libstdc++-11-doc make-doc man-browser ed diffutils-doc\r\n  python3-doc python3-tk python3-venv python-setuptools-doc python3.10-venv\r\n  python3.10-doc binfmt-support\r\nRecommended packages:\r\n  libnss-nis libnss-nisplus\r\nThe following NEW packages will be installed:\r\n  binutils binutils-common binutils-x86-64-linux-gnu build-essential bzip2 cpp\r\n  cpp-11 dpkg-dev fakeroot g++ g++-11 gcc gcc-11 gcc-11-base javascript-common\r\n  libalgorithm-diff-perl libalgorithm-diff-xs-perl libalgorithm-merge-perl\r\n  libasan6 libbinutils libc-dev-bin libc-devtools libc6-dev libcc1-0\r\n  libcrypt-dev libctf-nobfd0 libctf0 libdpkg-perl libexpat1-dev libfakeroot\r\n  libfile-fcntllock-perl libgcc-11-dev libgd3 libisl23 libitm1 libjs-jquery\r\n  libjs-sphinxdoc libjs-underscore liblocale-gettext-perl liblsan0 libmpc3\r\n  libmpfr6 libnsl-dev libpython3-dev libpython3.10 libpython3.10-dev\r\n  libstdc++-11-dev libtirpc-dev libtsan0 libubsan1 linux-libc-dev\r\n  lto-disabled-list make manpages manpages-dev patch python3-dev\r\n  python3-distutils python3-lib2to3 python3-pip python3-pkg-resources\r\n  python3-setuptools python3-wheel python3.10-dev rpcsvc-proto xz-utils\r\n  zlib1g-dev\r\nThe following packages will be upgraded:\r\n  gcc-12-base libatomic1 libc6 libexpat1 libgcc-s1 libgfortran5 libgomp1\r\n  libpython3-stdlib libpython3.10-minimal libpython3.10-stdlib libquadmath0\r\n  libstdc++6 python3 python3-minimal python3.10 python3.10-minimal\r\n16 upgraded, 67 newly installed, 0 to remove and 129 not upgraded.\r\nNeed to get 89.0 MB of archives.\r\nAfter this operation, 263 MB of additional disk space will be used.\r\nGet:1 http://archive.ubuntu.com/ubuntu jammy-updates/main amd64 libatomic1 amd64 12.3.0-1ubuntu1~22.04.2 [10.4 kB]\r\nGet:2 http://archive.ubuntu.com/ubuntu jammy-updates/main amd64 libquadmath0 amd64 12.3.0-1ubuntu1~22.04.2 [154 kB]\r\nGet:3 http://archive.ubuntu.com/ubuntu jammy-updates/main amd64 libgomp1 amd64 12.3.0-1ubuntu1~22.04.2 [127 kB]\r\nGet:4 http://archive.ubuntu.com/ubuntu jammy-updates/main amd64 libgfortran5 amd64 12.3.0-1ubuntu1~22.04.2 [879 kB]\r\nGet:5 http://archive.ubuntu.com/ubuntu jammy-updates/main amd64 gcc-12-base amd64 12.3.0-1ubuntu1~22.04.2 [20.6 kB]\r\nGet:6 http://archive.ubuntu.com/ubuntu jammy-updates/main amd64 libgcc-s1 amd64 12.3.0-1ubuntu1~22.04.2 [53.9 kB]\r\nGet:7 http://archive.ubuntu.com/ubuntu jammy-updates/main amd64 libstdc++6 amd64 12.3.0-1ubuntu1~22.04.2 [699 kB]\r\nGet:8 http://archive.ubuntu.com/ubuntu jammy-updates/main amd64 libc6 amd64 2.35-0ubuntu3.11 [3235 kB]\r\nGet:9 http://archive.ubuntu.com/ubuntu jammy/main amd64 liblocale-gettext-perl amd64 1.07-4build3 [17.1 kB]\r\nGet:10 http://archive.ubuntu.com/ubuntu jammy-updates/main amd64 python3-minimal amd64 3.10.6-1~22.04.1 [24.3 kB]\r\nGet:11 http://archive.ubuntu.com/ubuntu jammy-updates/main amd64 python3 amd64 3.10.6-1~22.04.1 [22.8 kB]\r\nGet:12 http://archive.ubuntu.com/ubuntu jammy-updates/main amd64 python3.10 amd64 3.10.12-1~22.04.12 [508 kB]\r\nGet:13 http://archive.ubuntu.com/ubuntu jammy-updates/main amd64 libpython3.10-stdlib amd64 3.10.12-1~22.04.12 [1849 kB]\r\nGet:14 http://archive.ubuntu.com/ubuntu jammy-updates/main amd64 python3.10-minimal amd64 3.10.12-1~22.04.12 [2268 kB]\r\nGet:15 http://archive.ubuntu.com/ubuntu jammy-updates/main amd64 libpython3.10-minimal amd64 3.10.12-1~22.04.12 [815 kB]\r\nGet:16 http://archive.ubuntu.com/ubuntu jammy-updates/main amd64 libexpat1 amd64 2.4.7-1ubuntu0.6 [92.1 kB]\r\nGet:17 http://archive.ubuntu.com/ubuntu jammy-updates/main amd64 libpython3-stdlib amd64 3.10.6-1~22.04.1 [6812 B]\r\nGet:18 http://archive.ubuntu.com/ubuntu jammy-updates/main amd64 python3-pkg-resources all 59.6.0-1.2ubuntu0.22.04.3 [133 kB]\r\nGet:19 http://archive.ubuntu.com/ubuntu jammy/main amd64 manpages all 5.10-1ubuntu1 [1375 kB]\r\nGet:20 http://archive.ubuntu.com/ubuntu jammy/main amd64 xz-utils amd64 5.2.5-2ubuntu1 [84.8 kB]\r\nGet:21 http://archive.ubuntu.com/ubuntu jammy-updates/main amd64 binutils-common amd64 2.38-4ubuntu2.12 [223 kB]\r\nGet:22 http://archive.ubuntu.com/ubuntu jammy-updates/main amd64 libbinutils amd64 2.38-4ubuntu2.12 [663 kB]\r\nGet:23 http://archive.ubuntu.com/ubuntu jammy-updates/main amd64 libctf-nobfd0 amd64 2.38-4ubuntu2.12 [108 kB]\r\nGet:24 http://archive.ubuntu.com/ubuntu jammy-updates/main amd64 libctf0 amd64 2.38-4ubuntu2.12 [103 kB]\r\nGet:25 http://archive.ubuntu.com/ubuntu jammy-updates/main amd64 binutils-x86-64-linux-gnu amd64 2.38-4ubuntu2.12 [2324 kB]\r\nGet:26 http://archive.ubuntu.com/ubuntu jammy-updates/main amd64 binutils amd64 2.38-4ubuntu2.12 [3184 B]\r\nGet:27 http://archive.ubuntu.com/ubuntu jammy-updates/main amd64 libc-dev-bin amd64 2.35-0ubuntu3.11 [20.3 kB]\r\nGet:28 http://archive.ubuntu.com/ubuntu jammy-updates/main amd64 linux-libc-dev amd64 5.15.0-164.174 [1325 kB]\r\nGet:29 http://archive.ubuntu.com/ubuntu jammy/main amd64 libcrypt-dev amd64 1:4.4.27-1 [112 kB]\r\nGet:30 http://archive.ubuntu.com/ubuntu jammy/main amd64 rpcsvc-proto amd64 1.4.2-0ubuntu6 [68.5 kB]\r\nGet:31 http://archive.ubuntu.com/ubuntu jammy-updates/main amd64 libtirpc-dev amd64 1.3.2-2ubuntu0.1 [192 kB]\r\nGet:32 http://archive.ubuntu.com/ubuntu jammy/main amd64 libnsl-dev amd64 1.3.0-2build2 [71.3 kB]\r\nGet:33 http://archive.ubuntu.com/ubuntu jammy-updates/main amd64 libc6-dev amd64 2.35-0ubuntu3.11 [2100 kB]\r\nGet:34 http://archive.ubuntu.com/ubuntu jammy-updates/main amd64 gcc-11-base amd64 11.4.0-1ubuntu1~22.04.2 [20.8 kB]\r\nGet:35 http://archive.ubuntu.com/ubuntu jammy/main amd64 libisl23 amd64 0.24-2build1 [727 kB]\r\nGet:36 http://archive.ubuntu.com/ubuntu jammy/main amd64 libmpfr6 amd64 4.1.0-3build3 [1425 kB]\r\nGet:37 http://archive.ubuntu.com/ubuntu jammy/main amd64 libmpc3 amd64 1.2.1-2build1 [46.9 kB]\r\nGet:38 http://archive.ubuntu.com/ubuntu jammy-updates/main amd64 cpp-11 amd64 11.4.0-1ubuntu1~22.04.2 [10.0 MB]\r\nIgn:38 http://archive.ubuntu.com/ubuntu jammy-updates/main amd64 cpp-11 amd64 11.4.0-1ubuntu1~22.04.2\r\nGet:39 http://archive.ubuntu.com/ubuntu jammy/main amd64 cpp amd64 4:11.2.0-1ubuntu1 [27.7 kB]\r\nGet:40 http://archive.ubuntu.com/ubuntu jammy-updates/main amd64 libcc1-0 amd64 12.3.0-1ubuntu1~22.04.2 [48.3 kB]\r\nGet:41 http://archive.ubuntu.com/ubuntu jammy-updates/main amd64 libitm1 amd64 12.3.0-1ubuntu1~22.04.2 [30.2 kB]\r\nGet:42 http://archive.ubuntu.com/ubuntu jammy-updates/main amd64 libasan6 amd64 11.4.0-1ubuntu1~22.04.2 [2283 kB]\r\nGet:43 http://archive.ubuntu.com/ubuntu jammy-updates/main amd64 liblsan0 amd64 12.3.0-1ubuntu1~22.04.2 [1069 kB]\r\nGet:44 http://archive.ubuntu.com/ubuntu jammy-updates/main amd64 libtsan0 amd64 11.4.0-1ubuntu1~22.04.2 [2262 kB]\r\nGet:45 http://archive.ubuntu.com/ubuntu jammy-updates/main amd64 libubsan1 amd64 12.3.0-1ubuntu1~22.04.2 [976 kB]\r\nGet:46 http://archive.ubuntu.com/ubuntu jammy-updates/main amd64 libgcc-11-dev amd64 11.4.0-1ubuntu1~22.04.2 [2517 kB]\r\nGet:47 http://archive.ubuntu.com/ubuntu jammy-updates/main amd64 gcc-11 amd64 11.4.0-1ubuntu1~22.04.2 [20.1 MB]\r\nGet:48 http://archive.ubuntu.com/ubuntu jammy/main amd64 gcc amd64 4:11.2.0-1ubuntu1 [5112 B]\r\nGet:49 http://archive.ubuntu.com/ubuntu jammy-updates/main amd64 libstdc++-11-dev amd64 11.4.0-1ubuntu1~22.04.2 [2101 kB]\r\nGet:50 http://archive.ubuntu.com/ubuntu jammy-updates/main amd64 g++-11 amd64 11.4.0-1ubuntu1~22.04.2 [11.4 MB]\r\nGet:51 http://archive.ubuntu.com/ubuntu jammy/main amd64 g++ amd64 4:11.2.0-1ubuntu1 [1412 B]\r\nGet:52 http://archive.ubuntu.com/ubuntu jammy/main amd64 make amd64 4.3-4.1build1 [180 kB]\r\nGet:53 http://archive.ubuntu.com/ubuntu jammy-updates/main amd64 libdpkg-perl all 1.21.1ubuntu2.6 [237 kB]\r\nGet:54 http://archive.ubuntu.com/ubuntu jammy/main amd64 bzip2 amd64 1.0.8-5build1 [34.8 kB]\r\nGet:55 http://archive.ubuntu.com/ubuntu jammy/main amd64 patch amd64 2.7.6-7build2 [109 kB]\r\nGet:56 http://archive.ubuntu.com/ubuntu jammy/main amd64 lto-disabled-list all 24 [12.5 kB]\r\nGet:57 http://archive.ubuntu.com/ubuntu jammy-updates/main amd64 dpkg-dev all 1.21.1ubuntu2.6 [922 kB]\r\nGet:58 http://archive.ubuntu.com/ubuntu jammy/main amd64 build-essential amd64 12.9ubuntu3 [4744 B]\r\nGet:59 http://archive.ubuntu.com/ubuntu jammy/main amd64 libfakeroot amd64 1.28-1ubuntu1 [31.5 kB]\r\nGet:60 http://archive.ubuntu.com/ubuntu jammy/main amd64 fakeroot amd64 1.28-1ubuntu1 [60.4 kB]\r\nGet:61 http://archive.ubuntu.com/ubuntu jammy/main amd64 javascript-common all 11+nmu1 [5936 B]\r\nGet:62 http://archive.ubuntu.com/ubuntu jammy/main amd64 libalgorithm-diff-perl all 1.201-1 [41.8 kB]\r\nGet:63 http://archive.ubuntu.com/ubuntu jammy/main amd64 libalgorithm-diff-xs-perl amd64 0.04-6build3 [11.9 kB]\r\nGet:64 http://archive.ubuntu.com/ubuntu jammy/main amd64 libalgorithm-merge-perl all 0.08-3 [12.0 kB]\r\nGet:65 http://archive.ubuntu.com/ubuntu jammy-updates/main amd64 libgd3 amd64 2.3.0-2ubuntu2.3 [129 kB]\r\nGet:66 http://archive.ubuntu.com/ubuntu jammy-updates/main amd64 libc-devtools amd64 2.35-0ubuntu3.11 [29.0 kB]\r\nGet:67 http://archive.ubuntu.com/ubuntu jammy-updates/main amd64 libexpat1-dev amd64 2.4.7-1ubuntu0.6 [148 kB]\r\nGet:68 http://archive.ubuntu.com/ubuntu jammy/main amd64 libfile-fcntllock-perl amd64 0.22-3build7 [33.9 kB]\r\nGet:69 http://archive.ubuntu.com/ubuntu jammy/main amd64 libjs-jquery all 3.6.0+dfsg+~3.5.13-1 [321 kB]\r\nGet:70 http://archive.ubuntu.com/ubuntu jammy/main amd64 libjs-underscore all 1.13.2~dfsg-2 [118 kB]\r\nGet:71 http://archive.ubuntu.com/ubuntu jammy/main amd64 libjs-sphinxdoc all 4.3.2-1 [139 kB]\r\nGet:72 http://archive.ubuntu.com/ubuntu jammy-updates/main amd64 libpython3.10 amd64 3.10.12-1~22.04.12 [1949 kB]\r\nGet:73 http://archive.ubuntu.com/ubuntu jammy-updates/main amd64 zlib1g-dev amd64 1:1.2.11.dfsg-2ubuntu9.2 [164 kB]\r\nGet:74 http://archive.ubuntu.com/ubuntu jammy-updates/main amd64 libpython3.10-dev amd64 3.10.12-1~22.04.12 [4763 kB]\r\nGet:75 http://archive.ubuntu.com/ubuntu jammy-updates/main amd64 libpython3-dev amd64 3.10.6-1~22.04.1 [7064 B]\r\nGet:76 http://archive.ubuntu.com/ubuntu jammy/main amd64 manpages-dev all 5.10-1ubuntu1 [2309 kB]\r\nGet:77 http://archive.ubuntu.com/ubuntu jammy-updates/main amd64 python3.10-dev amd64 3.10.12-1~22.04.12 [508 kB]\r\nGet:78 http://archive.ubuntu.com/ubuntu jammy-updates/main amd64 python3-lib2to3 all 3.10.8-1~22.04 [77.6 kB]\r\nGet:79 http://archive.ubuntu.com/ubuntu jammy-updates/main amd64 python3-distutils all 3.10.8-1~22.04 [139 kB]\r\nGet:80 http://archive.ubuntu.com/ubuntu jammy-updates/main amd64 python3-dev amd64 3.10.6-1~22.04.1 [26.0 kB]\r\nGet:81 http://archive.ubuntu.com/ubuntu jammy-updates/main amd64 python3-setuptools all 59.6.0-1.2ubuntu0.22.04.3 [340 kB]\r\nGet:82 http://archive.ubuntu.com/ubuntu jammy-updates/universe amd64 python3-wheel all 0.37.1-2ubuntu0.22.04.1 [32.0 kB]\r\nGet:83 http://archive.ubuntu.com/ubuntu jammy-updates/universe amd64 python3-pip all 22.0.2+dfsg-1ubuntu0.7 [1306 kB]\r\nGet:38 http://archive.ubuntu.com/ubuntu jammy-updates/main amd64 cpp-11 amd64 11.4.0-1ubuntu1~22.04.2 [10.0 MB]\r\ndebconf: delaying package configuration, since apt-utils is not installed\r\nFetched 87.6 MB in 1min 41s (864 kB/s)\r\n(Reading database ... \r\n(Reading database ... 5%\r\n(Reading database ... 10%\r\n(Reading database ... 15%\r\n(Reading database ... 20%\r\n(Reading database ... 25%\r\n(Reading database ... 30%\r\n(Reading database ... 35%\r\n(Reading database ... 40%\r\n(Reading database ... 45%\r\n(Reading database ... 50%\r\n(Reading database ... 55%\r\n(Reading database ... 60%\r\n(Reading database ... 65%\r\n(Reading database ... 70%\r\n(Reading database ... 75%\r\n(Reading database ... 80%\r\n(Reading database ... 85%\r\n(Reading database ... 90%\r\n(Reading database ... 95%\r\n(Reading database ... 100%\r\n(Reading database ... 34738 files and directories currently installed.)\r\nPreparing to unpack .../libatomic1_12.3.0-1ubuntu1~22.04.2_amd64.deb ...\r\nUnpacking libatomic1:amd64 (12.3.0-1ubuntu1~22.04.2) over (12.3.0-1ubuntu1~22.04) ...\r\nPreparing to unpack .../libquadmath0_12.3.0-1ubuntu1~22.04.2_amd64.deb ...\r\nUnpacking libquadmath0:amd64 (12.3.0-1ubuntu1~22.04.2) over (12.3.0-1ubuntu1~22.04) ...\r\nPreparing to unpack .../libgomp1_12.3.0-1ubuntu1~22.04.2_amd64.deb ...\r\nUnpacking libgomp1:amd64 (12.3.0-1ubuntu1~22.04.2) over (12.3.0-1ubuntu1~22.04) ...\r\nPreparing to unpack .../libgfortran5_12.3.0-1ubuntu1~22.04.2_amd64.deb ...\r\nUnpacking libgfortran5:amd64 (12.3.0-1ubuntu1~22.04.2) over (12.3.0-1ubuntu1~22.04) ...\r\nPreparing to unpack .../gcc-12-base_12.3.0-1ubuntu1~22.04.2_amd64.deb ...\r\nUnpacking gcc-12-base:amd64 (12.3.0-1ubuntu1~22.04.2) over (12.3.0-1ubuntu1~22.04) ...\r\nSetting up gcc-12-base:amd64 (12.3.0-1ubuntu1~22.04.2) ...\r\n(Reading database ... \r\n(Reading database ... 5%\r\n(Reading database ... 10%\r\n(Reading database ... 15%\r\n(Reading database ... 20%\r\n(Reading database ... 25%\r\n(Reading database ... 30%\r\n(Reading database ... 35%\r\n(Reading database ... 40%\r\n(Reading database ... 45%\r\n(Reading database ... 50%\r\n(Reading database ... 55%\r\n(Reading database ... 60%\r\n(Reading database ... 65%\r\n(Reading database ... 70%\r\n(Reading database ... 75%\r\n(Reading database ... 80%\r\n(Reading database ... 85%\r\n(Reading database ... 90%\r\n(Reading database ... 95%\r\n(Reading database ... 100%\r\n(Reading database ... 34738 files and directories currently installed.)\r\nPreparing to unpack .../libgcc-s1_12.3.0-1ubuntu1~22.04.2_amd64.deb ...\r\nUnpacking libgcc-s1:amd64 (12.3.0-1ubuntu1~22.04.2) over (12.3.0-1ubuntu1~22.04) ...\r\nSetting up libgcc-s1:amd64 (12.3.0-1ubuntu1~22.04.2) ...\r\n(Reading database ... \r\n(Reading database ... 5%\r\n(Reading database ... 10%\r\n(Reading database ... 15%\r\n(Reading database ... 20%\r\n(Reading database ... 25%\r\n(Reading database ... 30%\r\n(Reading database ... 35%\r\n(Reading database ... 40%\r\n(Reading database ... 45%\r\n(Reading database ... 50%\r\n(Reading database ... 55%\r\n(Reading database ... 60%\r\n(Reading database ... 65%\r\n(Reading database ... 70%\r\n(Reading database ... 75%\r\n(Reading database ... 80%\r\n(Reading database ... 85%\r\n(Reading database ... 90%\r\n(Reading database ... 95%\r\n(Reading database ... 100%\r\n(Reading database ... 34738 files and directories currently installed.)\r\nPreparing to unpack .../libstdc++6_12.3.0-1ubuntu1~22.04.2_amd64.deb ...\r\nUnpacking libstdc++6:amd64 (12.3.0-1ubuntu1~22.04.2) over (12.3.0-1ubuntu1~22.04) ...\r\nSetting up libstdc++6:amd64 (12.3.0-1ubuntu1~22.04.2) ...\r\n(Reading database ... \r\n(Reading database ... 5%\r\n(Reading database ... 10%\r\n(Reading database ... 15%\r\n(Reading database ... 20%\r\n(Reading database ... 25%\r\n(Reading database ... 30%\r\n(Reading database ... 35%\r\n(Reading database ... 40%\r\n(Reading database ... 45%\r\n(Reading database ... 50%\r\n(Reading database ... 55%\r\n(Reading database ... 60%\r\n(Reading database ... 65%\r\n(Reading database ... 70%\r\n(Reading database ... 75%\r\n(Reading database ... 80%\r\n(Reading database ... 85%\r\n(Reading database ... 90%\r\n(Reading database ... 95%\r\n(Reading database ... 100%\r\n(Reading database ... 34738 files and directories currently installed.)\r\nPreparing to unpack .../libc6_2.35-0ubuntu3.11_amd64.deb ...\r\ndebconf: unable to initialize frontend: Dialog\r\ndebconf: (TERM is not set, so the dialog frontend is not usable.)\r\ndebconf: falling back to frontend: Readline\r\nUnpacking libc6:amd64 (2.35-0ubuntu3.11) over (2.35-0ubuntu3.4) ...\r\nSetting up libc6:amd64 (2.35-0ubuntu3.11) ...\r\ndebconf: unable to initialize frontend: Dialog\r\ndebconf: (TERM is not set, so the dialog frontend is not usable.)\r\ndebconf: falling back to frontend: Readline\r\nSelecting previously unselected package liblocale-gettext-perl.\r\n(Reading database ... \r\n(Reading database ... 5%\r\n(Reading database ... 10%\r\n(Reading database ... 15%\r\n(Reading database ... 20%\r\n(Reading database ... 25%\r\n(Reading database ... 30%\r\n(Reading database ... 35%\r\n(Reading database ... 40%\r\n(Reading database ... 45%\r\n(Reading database ... 50%\r\n(Reading database ... 55%\r\n(Reading database ... 60%\r\n(Reading database ... 65%\r\n(Reading database ... 70%\r\n(Reading database ... 75%\r\n(Reading database ... 80%\r\n(Reading database ... 85%\r\n(Reading database ... 90%\r\n(Reading database ... 95%\r\n(Reading database ... 100%\r\n(Reading database ... 34738 files and directories currently installed.)\r\nPreparing to unpack .../liblocale-gettext-perl_1.07-4build3_amd64.deb ...\r\nUnpacking liblocale-gettext-perl (1.07-4build3) ...\r\nPreparing to unpack .../python3-minimal_3.10.6-1~22.04.1_amd64.deb ...\r\nUnpacking python3-minimal (3.10.6-1~22.04.1) over (3.10.6-1~22.04) ...\r\nSetting up python3-minimal (3.10.6-1~22.04.1) ...\r\n(Reading database ... \r\n(Reading database ... 5%\r\n(Reading database ... 10%\r\n(Reading database ... 15%\r\n(Reading database ... 20%\r\n(Reading database ... 25%\r\n(Reading database ... 30%\r\n(Reading database ... 35%\r\n(Reading database ... 40%\r\n(Reading database ... 45%\r\n(Reading database ... 50%\r\n(Reading database ... 55%\r\n(Reading database ... 60%\r\n(Reading database ... 65%\r\n(Reading database ... 70%\r\n(Reading database ... 75%\r\n(Reading database ... 80%\r\n(Reading database ... 85%\r\n(Reading database ... 90%\r\n(Reading database ... 95%\r\n(Reading database ... 100%\r\n(Reading database ... 34749 files and directories currently installed.)\r\nPreparing to unpack .../00-python3_3.10.6-1~22.04.1_amd64.deb ...\r\nrunning python pre-rtupdate hooks for python3.10...\r\nUnpacking python3 (3.10.6-1~22.04.1) over (3.10.6-1~22.04) ...\r\nPreparing to unpack .../01-python3.10_3.10.12-1~22.04.12_amd64.deb ...\r\nUnpacking python3.10 (3.10.12-1~22.04.12) over (3.10.12-1~22.04.2) ...\r\nPreparing to unpack .../02-libpython3.10-stdlib_3.10.12-1~22.04.12_amd64.deb ...\r\nUnpacking libpython3.10-stdlib:amd64 (3.10.12-1~22.04.12) over (3.10.12-1~22.04.2) ...\r\nPreparing to unpack .../03-python3.10-minimal_3.10.12-1~22.04.12_amd64.deb ...\r\nUnpacking python3.10-minimal (3.10.12-1~22.04.12) over (3.10.12-1~22.04.2) ...\r\nPreparing to unpack .../04-libpython3.10-minimal_3.10.12-1~22.04.12_amd64.deb ...\r\nUnpacking libpython3.10-minimal:amd64 (3.10.12-1~22.04.12) over (3.10.12-1~22.04.2) ...\r\nPreparing to unpack .../05-libexpat1_2.4.7-1ubuntu0.6_amd64.deb ...\r\nUnpacking libexpat1:amd64 (2.4.7-1ubuntu0.6) over (2.4.7-1ubuntu0.2) ...\r\nPreparing to unpack .../06-libpython3-stdlib_3.10.6-1~22.04.1_amd64.deb ...\r\nUnpacking libpython3-stdlib:amd64 (3.10.6-1~22.04.1) over (3.10.6-1~22.04) ...\r\nSelecting previously unselected package python3-pkg-resources.\r\nPreparing to unpack .../07-python3-pkg-resources_59.6.0-1.2ubuntu0.22.04.3_all.deb ...\r\nUnpacking python3-pkg-resources (59.6.0-1.2ubuntu0.22.04.3) ...\r\nSelecting previously unselected package manpages.\r\nPreparing to unpack .../08-manpages_5.10-1ubuntu1_all.deb ...\r\nUnpacking manpages (5.10-1ubuntu1) ...\r\nSelecting previously unselected package xz-utils.\r\nPreparing to unpack .../09-xz-utils_5.2.5-2ubuntu1_amd64.deb ...\r\nUnpacking xz-utils (5.2.5-2ubuntu1) ...\r\nSelecting previously unselected package binutils-common:amd64.\r\nPreparing to unpack .../10-binutils-common_2.38-4ubuntu2.12_amd64.deb ...\r\nUnpacking binutils-common:amd64 (2.38-4ubuntu2.12) ...\r\nSelecting previously unselected package libbinutils:amd64.\r\nPreparing to unpack .../11-libbinutils_2.38-4ubuntu2.12_amd64.deb ...\r\nUnpacking libbinutils:amd64 (2.38-4ubuntu2.12) ...\r\nSelecting previously unselected package libctf-nobfd0:amd64.\r\nPreparing to unpack .../12-libctf-nobfd0_2.38-4ubuntu2.12_amd64.deb ...\r\nUnpacking libctf-nobfd0:amd64 (2.38-4ubuntu2.12) ...\r\nSelecting previously unselected package libctf0:amd64.\r\nPreparing to unpack .../13-libctf0_2.38-4ubuntu2.12_amd64.deb ...\r\nUnpacking libctf0:amd64 (2.38-4ubuntu2.12) ...\r\nSelecting previously unselected package binutils-x86-64-linux-gnu.\r\nPreparing to unpack .../14-binutils-x86-64-linux-gnu_2.38-4ubuntu2.12_amd64.deb ...\r\nUnpacking binutils-x86-64-linux-gnu (2.38-4ubuntu2.12) ...\r\nSelecting previously unselected package binutils.\r\nPreparing to unpack .../15-binutils_2.38-4ubuntu2.12_amd64.deb ...\r\nUnpacking binutils (2.38-4ubuntu2.12) ...\r\nSelecting previously unselected package libc-dev-bin.\r\nPreparing to unpack .../16-libc-dev-bin_2.35-0ubuntu3.11_amd64.deb ...\r\nUnpacking libc-dev-bin (2.35-0ubuntu3.11) ...\r\nSelecting previously unselected package linux-libc-dev:amd64.\r\nPreparing to unpack .../17-linux-libc-dev_5.15.0-164.174_amd64.deb ...\r\nUnpacking linux-libc-dev:amd64 (5.15.0-164.174) ...\r\nSelecting previously unselected package libcrypt-dev:amd64.\r\nPreparing to unpack .../18-libcrypt-dev_1%3a4.4.27-1_amd64.deb ...\r\nUnpacking libcrypt-dev:amd64 (1:4.4.27-1) ...\r\nSelecting previously unselected package rpcsvc-proto.\r\nPreparing to unpack .../19-rpcsvc-proto_1.4.2-0ubuntu6_amd64.deb ...\r\nUnpacking rpcsvc-proto (1.4.2-0ubuntu6) ...\r\nSelecting previously unselected package libtirpc-dev:amd64.\r\nPreparing to unpack .../20-libtirpc-dev_1.3.2-2ubuntu0.1_amd64.deb ...\r\nUnpacking libtirpc-dev:amd64 (1.3.2-2ubuntu0.1) ...\r\nSelecting previously unselected package libnsl-dev:amd64.\r\nPreparing to unpack .../21-libnsl-dev_1.3.0-2build2_amd64.deb ...\r\nUnpacking libnsl-dev:amd64 (1.3.0-2build2) ...\r\nSelecting previously unselected package libc6-dev:amd64.\r\nPreparing to unpack .../22-libc6-dev_2.35-0ubuntu3.11_amd64.deb ...\r\nUnpacking libc6-dev:amd64 (2.35-0ubuntu3.11) ...\r\nSelecting previously unselected package gcc-11-base:amd64.\r\nPreparing to unpack .../23-gcc-11-base_11.4.0-1ubuntu1~22.04.2_amd64.deb ...\r\nUnpacking gcc-11-base:amd64 (11.4.0-1ubuntu1~22.04.2) ...\r\nSelecting previously unselected package libisl23:amd64.\r\nPreparing to unpack .../24-libisl23_0.24-2build1_amd64.deb ...\r\nUnpacking libisl23:amd64 (0.24-2build1) ...\r\nSelecting previously unselected package libmpfr6:amd64.\r\nPreparing to unpack .../25-libmpfr6_4.1.0-3build3_amd64.deb ...\r\nUnpacking libmpfr6:amd64 (4.1.0-3build3) ...\r\nSelecting previously unselected package libmpc3:amd64.\r\nPreparing to unpack .../26-libmpc3_1.2.1-2build1_amd64.deb ...\r\nUnpacking libmpc3:amd64 (1.2.1-2build1) ...\r\nSelecting previously unselected package cpp-11.\r\nPreparing to unpack .../27-cpp-11_11.4.0-1ubuntu1~22.04.2_amd64.deb ...\r\nUnpacking cpp-11 (11.4.0-1ubuntu1~22.04.2) ...\r\nSelecting previously unselected package cpp.\r\nPreparing to unpack .../28-cpp_4%3a11.2.0-1ubuntu1_amd64.deb ...\r\nUnpacking cpp (4:11.2.0-1ubuntu1) ...\r\nSelecting previously unselected package libcc1-0:amd64.\r\nPreparing to unpack .../29-libcc1-0_12.3.0-1ubuntu1~22.04.2_amd64.deb ...\r\nUnpacking libcc1-0:amd64 (12.3.0-1ubuntu1~22.04.2) ...\r\nSelecting previously unselected package libitm1:amd64.\r\nPreparing to unpack .../30-libitm1_12.3.0-1ubuntu1~22.04.2_amd64.deb ...\r\nUnpacking libitm1:amd64 (12.3.0-1ubuntu1~22.04.2) ...\r\nSelecting previously unselected package libasan6:amd64.\r\nPreparing to unpack .../31-libasan6_11.4.0-1ubuntu1~22.04.2_amd64.deb ...\r\nUnpacking libasan6:amd64 (11.4.0-1ubuntu1~22.04.2) ...\r\nSelecting previously unselected package liblsan0:amd64.\r\nPreparing to unpack .../32-liblsan0_12.3.0-1ubuntu1~22.04.2_amd64.deb ...\r\nUnpacking liblsan0:amd64 (12.3.0-1ubuntu1~22.04.2) ...\r\nSelecting previously unselected package libtsan0:amd64.\r\nPreparing to unpack .../33-libtsan0_11.4.0-1ubuntu1~22.04.2_amd64.deb ...\r\nUnpacking libtsan0:amd64 (11.4.0-1ubuntu1~22.04.2) ...\r\nSelecting previously unselected package libubsan1:amd64.\r\nPreparing to unpack .../34-libubsan1_12.3.0-1ubuntu1~22.04.2_amd64.deb ...\r\nUnpacking libubsan1:amd64 (12.3.0-1ubuntu1~22.04.2) ...\r\nSelecting previously unselected package libgcc-11-dev:amd64.\r\nPreparing to unpack .../35-libgcc-11-dev_11.4.0-1ubuntu1~22.04.2_amd64.deb ...\r\nUnpacking libgcc-11-dev:amd64 (11.4.0-1ubuntu1~22.04.2) ...\r\nSelecting previously unselected package gcc-11.\r\nPreparing to unpack .../36-gcc-11_11.4.0-1ubuntu1~22.04.2_amd64.deb ...\r\nUnpacking gcc-11 (11.4.0-1ubuntu1~22.04.2) ...\r\nSelecting previously unselected package gcc.\r\nPreparing to unpack .../37-gcc_4%3a11.2.0-1ubuntu1_amd64.deb ...\r\nUnpacking gcc (4:11.2.0-1ubuntu1) ...\r\nSelecting previously unselected package libstdc++-11-dev:amd64.\r\nPreparing to unpack .../38-libstdc++-11-dev_11.4.0-1ubuntu1~22.04.2_amd64.deb ...\r\nUnpacking libstdc++-11-dev:amd64 (11.4.0-1ubuntu1~22.04.2) ...\r\nSelecting previously unselected package g++-11.\r\nPreparing to unpack .../39-g++-11_11.4.0-1ubuntu1~22.04.2_amd64.deb ...\r\nUnpacking g++-11 (11.4.0-1ubuntu1~22.04.2) ...\r\nSelecting previously unselected package g++.\r\nPreparing to unpack .../40-g++_4%3a11.2.0-1ubuntu1_amd64.deb ...\r\nUnpacking g++ (4:11.2.0-1ubuntu1) ...\r\nSelecting previously unselected package make.\r\nPreparing to unpack .../41-make_4.3-4.1build1_amd64.deb ...\r\nUnpacking make (4.3-4.1build1) ...\r\nSelecting previously unselected package libdpkg-perl.\r\nPreparing to unpack .../42-libdpkg-perl_1.21.1ubuntu2.6_all.deb ...\r\nUnpacking libdpkg-perl (1.21.1ubuntu2.6) ...\r\nSelecting previously unselected package bzip2.\r\nPreparing to unpack .../43-bzip2_1.0.8-5build1_amd64.deb ...\r\nUnpacking bzip2 (1.0.8-5build1) ...\r\nSelecting previously unselected package patch.\r\nPreparing to unpack .../44-patch_2.7.6-7build2_amd64.deb ...\r\nUnpacking patch (2.7.6-7build2) ...\r\nSelecting previously unselected package lto-disabled-list.\r\nPreparing to unpack .../45-lto-disabled-list_24_all.deb ...\r\nUnpacking lto-disabled-list (24) ...\r\nSelecting previously unselected package dpkg-dev.\r\nPreparing to unpack .../46-dpkg-dev_1.21.1ubuntu2.6_all.deb ...\r\nUnpacking dpkg-dev (1.21.1ubuntu2.6) ...\r\nSelecting previously unselected package build-essential.\r\nPreparing to unpack .../47-build-essential_12.9ubuntu3_amd64.deb ...\r\nUnpacking build-essential (12.9ubuntu3) ...\r\nSelecting previously unselected package libfakeroot:amd64.\r\nPreparing to unpack .../48-libfakeroot_1.28-1ubuntu1_amd64.deb ...\r\nUnpacking libfakeroot:amd64 (1.28-1ubuntu1) ...\r\nSelecting previously unselected package fakeroot.\r\nPreparing to unpack .../49-fakeroot_1.28-1ubuntu1_amd64.deb ...\r\nUnpacking fakeroot (1.28-1ubuntu1) ...\r\nSelecting previously unselected package javascript-common.\r\nPreparing to unpack .../50-javascript-common_11+nmu1_all.deb ...\r\nUnpacking javascript-common (11+nmu1) ...\r\nSelecting previously unselected package libalgorithm-diff-perl.\r\nPreparing to unpack .../51-libalgorithm-diff-perl_1.201-1_all.deb ...\r\nUnpacking libalgorithm-diff-perl (1.201-1) ...\r\nSelecting previously unselected package libalgorithm-diff-xs-perl.\r\nPreparing to unpack .../52-libalgorithm-diff-xs-perl_0.04-6build3_amd64.deb ...\r\nUnpacking libalgorithm-diff-xs-perl (0.04-6build3) ...\r\nSelecting previously unselected package libalgorithm-merge-perl.\r\nPreparing to unpack .../53-libalgorithm-merge-perl_0.08-3_all.deb ...\r\nUnpacking libalgorithm-merge-perl (0.08-3) ...\r\nSelecting previously unselected package libgd3:amd64.\r\nPreparing to unpack .../54-libgd3_2.3.0-2ubuntu2.3_amd64.deb ...\r\nUnpacking libgd3:amd64 (2.3.0-2ubuntu2.3) ...\r\nSelecting previously unselected package libc-devtools.\r\nPreparing to unpack .../55-libc-devtools_2.35-0ubuntu3.11_amd64.deb ...\r\nUnpacking libc-devtools (2.35-0ubuntu3.11) ...\r\nSelecting previously unselected package libexpat1-dev:amd64.\r\nPreparing to unpack .../56-libexpat1-dev_2.4.7-1ubuntu0.6_amd64.deb ...\r\nUnpacking libexpat1-dev:amd64 (2.4.7-1ubuntu0.6) ...\r\nSelecting previously unselected package libfile-fcntllock-perl.\r\nPreparing to unpack .../57-libfile-fcntllock-perl_0.22-3build7_amd64.deb ...\r\nUnpacking libfile-fcntllock-perl (0.22-3build7) ...\r\nSelecting previously unselected package libjs-jquery.\r\nPreparing to unpack .../58-libjs-jquery_3.6.0+dfsg+~3.5.13-1_all.deb ...\r\nUnpacking libjs-jquery (3.6.0+dfsg+~3.5.13-1) ...\r\nSelecting previously unselected package libjs-underscore.\r\nPreparing to unpack .../59-libjs-underscore_1.13.2~dfsg-2_all.deb ...\r\nUnpacking libjs-underscore (1.13.2~dfsg-2) ...\r\nSelecting previously unselected package libjs-sphinxdoc.\r\nPreparing to unpack .../60-libjs-sphinxdoc_4.3.2-1_all.deb ...\r\nUnpacking libjs-sphinxdoc (4.3.2-1) ...\r\nSelecting previously unselected package libpython3.10:amd64.\r\nPreparing to unpack .../61-libpython3.10_3.10.12-1~22.04.12_amd64.deb ...\r\nUnpacking libpython3.10:amd64 (3.10.12-1~22.04.12) ...\r\nSelecting previously unselected package zlib1g-dev:amd64.\r\nPreparing to unpack .../62-zlib1g-dev_1%3a1.2.11.dfsg-2ubuntu9.2_amd64.deb ...\r\nUnpacking zlib1g-dev:amd64 (1:1.2.11.dfsg-2ubuntu9.2) ...\r\nSelecting previously unselected package libpython3.10-dev:amd64.\r\nPreparing to unpack .../63-libpython3.10-dev_3.10.12-1~22.04.12_amd64.deb ...\r\nUnpacking libpython3.10-dev:amd64 (3.10.12-1~22.04.12) ...\r\nSelecting previously unselected package libpython3-dev:amd64.\r\nPreparing to unpack .../64-libpython3-dev_3.10.6-1~22.04.1_amd64.deb ...\r\nUnpacking libpython3-dev:amd64 (3.10.6-1~22.04.1) ...\r\nSelecting previously unselected package manpages-dev.\r\nPreparing to unpack .../65-manpages-dev_5.10-1ubuntu1_all.deb ...\r\nUnpacking manpages-dev (5.10-1ubuntu1) ...\r\nSelecting previously unselected package python3.10-dev.\r\nPreparing to unpack .../66-python3.10-dev_3.10.12-1~22.04.12_amd64.deb ...\r\nUnpacking python3.10-dev (3.10.12-1~22.04.12) ...\r\nSelecting previously unselected package python3-lib2to3.\r\nPreparing to unpack .../67-python3-lib2to3_3.10.8-1~22.04_all.deb ...\r\nUnpacking python3-lib2to3 (3.10.8-1~22.04) ...\r\nSelecting previously unselected package python3-distutils.\r\nPreparing to unpack .../68-python3-distutils_3.10.8-1~22.04_all.deb ...\r\nUnpacking python3-distutils (3.10.8-1~22.04) ...\r\nSelecting previously unselected package python3-dev.\r\nPreparing to unpack .../69-python3-dev_3.10.6-1~22.04.1_amd64.deb ...\r\nUnpacking python3-dev (3.10.6-1~22.04.1) ...\r\nSelecting previously unselected package python3-setuptools.\r\nPreparing to unpack .../70-python3-setuptools_59.6.0-1.2ubuntu0.22.04.3_all.deb ...\r\nUnpacking python3-setuptools (59.6.0-1.2ubuntu0.22.04.3) ...\r\nSelecting previously unselected package python3-wheel.\r\nPreparing to unpack .../71-python3-wheel_0.37.1-2ubuntu0.22.04.1_all.deb ...\r\nUnpacking python3-wheel (0.37.1-2ubuntu0.22.04.1) ...\r\nSelecting previously unselected package python3-pip.\r\nPreparing to unpack .../72-python3-pip_22.0.2+dfsg-1ubuntu0.7_all.deb ...\r\nUnpacking python3-pip (22.0.2+dfsg-1ubuntu0.7) ...\r\nSetting up libexpat1:amd64 (2.4.7-1ubuntu0.6) ...\r\nSetting up javascript-common (11+nmu1) ...\r\nSetting up gcc-11-base:amd64 (11.4.0-1ubuntu1~22.04.2) ...\r\nSetting up lto-disabled-list (24) ...\r\nSetting up libfile-fcntllock-perl (0.22-3build7) ...\r\nSetting up libalgorithm-diff-perl (1.201-1) ...\r\nSetting up manpages (5.10-1ubuntu1) ...\r\nSetting up binutils-common:amd64 (2.38-4ubuntu2.12) ...\r\nSetting up linux-libc-dev:amd64 (5.15.0-164.174) ...\r\nSetting up libctf-nobfd0:amd64 (2.38-4ubuntu2.12) ...\r\nSetting up libgomp1:amd64 (12.3.0-1ubuntu1~22.04.2) ...\r\nSetting up bzip2 (1.0.8-5build1) ...\r\nSetting up libfakeroot:amd64 (1.28-1ubuntu1) ...\r\nSetting up libasan6:amd64 (11.4.0-1ubuntu1~22.04.2) ...\r\nSetting up fakeroot (1.28-1ubuntu1) ...\r\nupdate-alternatives: using /usr/bin/fakeroot-sysv to provide /usr/bin/fakeroot (fakeroot) in auto mode\r\nupdate-alternatives: warning: skip creation of /usr/share/man/man1/fakeroot.1.gz because associated file /usr/share/man/man1/fakeroot-sysv.1.gz (of link group fakeroot) doesn\u0027t exist\r\nupdate-alternatives: warning: skip creation of /usr/share/man/man1/faked.1.gz because associated file /usr/share/man/man1/faked-sysv.1.gz (of link group fakeroot) doesn\u0027t exist\r\nupdate-alternatives: warning: skip creation of /usr/share/man/es/man1/fakeroot.1.gz because associated file /usr/share/man/es/man1/fakeroot-sysv.1.gz (of link group fakeroot) doesn\u0027t exist\r\nupdate-alternatives: warning: skip creation of /usr/share/man/es/man1/faked.1.gz because associated file /usr/share/man/es/man1/faked-sysv.1.gz (of link group fakeroot) doesn\u0027t exist\r\nupdate-alternatives: warning: skip creation of /usr/share/man/fr/man1/fakeroot.1.gz because associated file /usr/share/man/fr/man1/fakeroot-sysv.1.gz (of link group fakeroot) doesn\u0027t exist\r\nupdate-alternatives: warning: skip creation of /usr/share/man/fr/man1/faked.1.gz because associated file /usr/share/man/fr/man1/faked-sysv.1.gz (of link group fakeroot) doesn\u0027t exist\r\nupdate-alternatives: warning: skip creation of /usr/share/man/sv/man1/fakeroot.1.gz because associated file /usr/share/man/sv/man1/fakeroot-sysv.1.gz (of link group fakeroot) doesn\u0027t exist\r\nupdate-alternatives: warning: skip creation of /usr/share/man/sv/man1/faked.1.gz because associated file /usr/share/man/sv/man1/faked-sysv.1.gz (of link group fakeroot) doesn\u0027t exist\r\nSetting up libtirpc-dev:amd64 (1.3.2-2ubuntu0.1) ...\r\nSetting up rpcsvc-proto (1.4.2-0ubuntu6) ...\r\nSetting up make (4.3-4.1build1) ...\r\nSetting up libmpfr6:amd64 (4.1.0-3build3) ...\r\nSetting up xz-utils (5.2.5-2ubuntu1) ...\r\nupdate-alternatives: using /usr/bin/xz to provide /usr/bin/lzma (lzma) in auto mode\r\nupdate-alternatives: warning: skip creation of /usr/share/man/man1/lzma.1.gz because associated file /usr/share/man/man1/xz.1.gz (of link group lzma) doesn\u0027t exist\r\nupdate-alternatives: warning: skip creation of /usr/share/man/man1/unlzma.1.gz because associated file /usr/share/man/man1/unxz.1.gz (of link group lzma) doesn\u0027t exist\r\nupdate-alternatives: warning: skip creation of /usr/share/man/man1/lzcat.1.gz because associated file /usr/share/man/man1/xzcat.1.gz (of link group lzma) doesn\u0027t exist\r\nupdate-alternatives: warning: skip creation of /usr/share/man/man1/lzmore.1.gz because associated file /usr/share/man/man1/xzmore.1.gz (of link group lzma) doesn\u0027t exist\r\nupdate-alternatives: warning: skip creation of /usr/share/man/man1/lzless.1.gz because associated file /usr/share/man/man1/xzless.1.gz (of link group lzma) doesn\u0027t exist\r\nupdate-alternatives: warning: skip creation of /usr/share/man/man1/lzdiff.1.gz because associated file /usr/share/man/man1/xzdiff.1.gz (of link group lzma) doesn\u0027t exist\r\nupdate-alternatives: warning: skip creation of /usr/share/man/man1/lzcmp.1.gz because associated file /usr/share/man/man1/xzcmp.1.gz (of link group lzma) doesn\u0027t exist\r\nupdate-alternatives: warning: skip creation of /usr/share/man/man1/lzgrep.1.gz because associated file /usr/share/man/man1/xzgrep.1.gz (of link group lzma) doesn\u0027t exist\r\nupdate-alternatives: warning: skip creation of /usr/share/man/man1/lzegrep.1.gz because associated file /usr/share/man/man1/xzegrep.1.gz (of link group lzma) doesn\u0027t exist\r\nupdate-alternatives: warning: skip creation of /usr/share/man/man1/lzfgrep.1.gz because associated file /usr/share/man/man1/xzfgrep.1.gz (of link group lzma) doesn\u0027t exist\r\nSetting up libquadmath0:amd64 (12.3.0-1ubuntu1~22.04.2) ...\r\nSetting up libgd3:amd64 (2.3.0-2ubuntu2.3) ...\r\nSetting up libmpc3:amd64 (1.2.1-2build1) ...\r\nSetting up libatomic1:amd64 (12.3.0-1ubuntu1~22.04.2) ...\r\nSetting up patch (2.7.6-7build2) ...\r\nSetting up libpython3.10-minimal:amd64 (3.10.12-1~22.04.12) ...\r\nSetting up libdpkg-perl (1.21.1ubuntu2.6) ...\r\nSetting up libgfortran5:amd64 (12.3.0-1ubuntu1~22.04.2) ...\r\nSetting up libubsan1:amd64 (12.3.0-1ubuntu1~22.04.2) ...\r\nSetting up libnsl-dev:amd64 (1.3.0-2build2) ...\r\nSetting up libcrypt-dev:amd64 (1:4.4.27-1) ...\r\nSetting up libjs-jquery (3.6.0+dfsg+~3.5.13-1) ...\r\nSetting up libbinutils:amd64 (2.38-4ubuntu2.12) ...\r\nSetting up libisl23:amd64 (0.24-2build1) ...\r\nSetting up libc-dev-bin (2.35-0ubuntu3.11) ...\r\nSetting up libalgorithm-diff-xs-perl (0.04-6build3) ...\r\nSetting up libcc1-0:amd64 (12.3.0-1ubuntu1~22.04.2) ...\r\nSetting up liblocale-gettext-perl (1.07-4build3) ...\r\nSetting up liblsan0:amd64 (12.3.0-1ubuntu1~22.04.2) ...\r\nSetting up libitm1:amd64 (12.3.0-1ubuntu1~22.04.2) ...\r\nSetting up libc-devtools (2.35-0ubuntu3.11) ...\r\nSetting up libjs-underscore (1.13.2~dfsg-2) ...\r\nSetting up libalgorithm-merge-perl (0.08-3) ...\r\nSetting up libtsan0:amd64 (11.4.0-1ubuntu1~22.04.2) ...\r\nSetting up libctf0:amd64 (2.38-4ubuntu2.12) ...\r\nSetting up cpp-11 (11.4.0-1ubuntu1~22.04.2) ...\r\nSetting up manpages-dev (5.10-1ubuntu1) ...\r\nSetting up python3.10-minimal (3.10.12-1~22.04.12) ...\r\nSetting up libpython3.10-stdlib:amd64 (3.10.12-1~22.04.12) ...\r\nSetting up libjs-sphinxdoc (4.3.2-1) ...\r\nSetting up libgcc-11-dev:amd64 (11.4.0-1ubuntu1~22.04.2) ...\r\nSetting up cpp (4:11.2.0-1ubuntu1) ...\r\nSetting up libc6-dev:amd64 (2.35-0ubuntu3.11) ...\r\nSetting up libpython3-stdlib:amd64 (3.10.6-1~22.04.1) ...\r\nSetting up binutils-x86-64-linux-gnu (2.38-4ubuntu2.12) ...\r\nSetting up libpython3.10:amd64 (3.10.12-1~22.04.12) ...\r\nSetting up python3.10 (3.10.12-1~22.04.12) ...\r\nSetting up python3 (3.10.6-1~22.04.1) ...\r\nrunning python rtupdate hooks for python3.10...\r\nrunning python post-rtupdate hooks for python3.10...\r\nSetting up binutils (2.38-4ubuntu2.12) ...\r\nSetting up dpkg-dev (1.21.1ubuntu2.6) ...\r\nSetting up libexpat1-dev:amd64 (2.4.7-1ubuntu0.6) ...\r\nSetting up libstdc++-11-dev:amd64 (11.4.0-1ubuntu1~22.04.2) ...\r\nSetting up zlib1g-dev:amd64 (1:1.2.11.dfsg-2ubuntu9.2) ...\r\nSetting up gcc-11 (11.4.0-1ubuntu1~22.04.2) ...\r\nSetting up python3-lib2to3 (3.10.8-1~22.04) ...\r\nSetting up python3-pkg-resources (59.6.0-1.2ubuntu0.22.04.3) ...\r\nSetting up python3-distutils (3.10.8-1~22.04) ...\r\nSetting up python3-setuptools (59.6.0-1.2ubuntu0.22.04.3) ...\r\nSetting up g++-11 (11.4.0-1ubuntu1~22.04.2) ...\r\nSetting up python3-wheel (0.37.1-2ubuntu0.22.04.1) ...\r\nSetting up gcc (4:11.2.0-1ubuntu1) ...\r\nSetting up libpython3.10-dev:amd64 (3.10.12-1~22.04.12) ...\r\nSetting up python3-pip (22.0.2+dfsg-1ubuntu0.7) ...\r\nSetting up python3.10-dev (3.10.12-1~22.04.12) ...\r\nSetting up g++ (4:11.2.0-1ubuntu1) ...\r\nupdate-alternatives: using /usr/bin/g++ to provide /usr/bin/c++ (c++) in auto mode\r\nupdate-alternatives: warning: skip creation of /usr/share/man/man1/c++.1.gz because associated file /usr/share/man/man1/g++.1.gz (of link group c++) doesn\u0027t exist\r\nSetting up build-essential (12.9ubuntu3) ...\r\nSetting up libpython3-dev:amd64 (3.10.6-1~22.04.1) ...\r\nSetting up python3-dev (3.10.6-1~22.04.1) ...\r\nProcessing triggers for libc-bin (2.35-0ubuntu3.4) ...\r\nWARNING: Running pip as the \u0027root\u0027 user can result in broken permissions and conflicting behaviour with the system package manager. It is recommended to use a virtual environment instead: https://pip.pypa.io/warnings/venv\r\n============================= test session starts ==============================\r\nplatform linux -- Python 3.10.12, pytest-9.0.2, pluggy-1.6.0 -- /usr/bin/python3\r\ncachedir: .pytest_cache\r\nrootdir: /work\r\ncollecting ... collected 1 item\r\n\r\ntest_guaranteed.py::test_google_title FAILED                             [100%]\r\n\r\n=================================== FAILURES ===================================\r\n______________________________ test_google_title _______________________________\r\n\r\n    def test_google_title():\r\n        with sync_playwright() as p:\r\n\u003e           browser = p.chromium.launch(headless=True)\r\n\r\ntest_guaranteed.py:6: \r\n_ _ _ _ _ _ _ _ _ _ _ _ _ _ _ _ _ _ _ _ _ _ _ _ _ _ _ _ _ _ _ _ _ _ _ _ _ _ _ _ \r\n/usr/local/lib/python3.10/dist-packages/playwright/sync_api/_generated.py:14568: in launch\r\n    self._sync(\r\n/usr/local/lib/python3.10/dist-packages/playwright/_impl/_browser_type.py:98: in launch\r\n    await self._channel.send(\r\n/usr/local/lib/python3.10/dist-packages/playwright/_impl/_connection.py:69: in send\r\n    return await self._connection.wrap_api_call(\r\n_ _ _ _ _ _ _ _ _ _ _ _ _ _ _ _ _ _ _ _ _ _ _ _ _ _ _ _ _ _ _ _ _ _ _ _ _ _ _ _ \r\n\r\nself = \u003cplaywright._impl._connection.Connection object at 0x782832daa080\u003e\r\ncb = \u003cfunction Channel.send.\u003clocals\u003e.\u003clambda\u003e at 0x782832dbe9e0\u003e\r\nis_internal = False, title = None\r\n\r\n    async def wrap_api_call(\r\n        self, cb: Callable[[], Any], is_internal: bool = False, title: str = None\r\n    ) -\u003e Any:\r\n        if self._api_zone.get():\r\n            return await cb()\r\n        task = asyncio.current_task(self._loop)\r\n        st: List[inspect.FrameInfo] = getattr(\r\n            task, \"__pw_stack__\", None\r\n        ) or inspect.stack(0)\r\n    \r\n        parsed_st = _extract_stack_trace_information_from_stack(st, is_internal, title)\r\n        self._api_zone.set(parsed_st)\r\n        try:\r\n            return await cb()\r\n        except Exception as error:\r\n\u003e           raise rewrite_error(error, f\"{parsed_st[\u0027apiName\u0027]}: {error}\") from None\r\nE           playwright._impl._errors.Error: BrowserType.launch: Executable doesn\u0027t exist at /ms-playwright/chromium_headless_shell-1200/chrome-headless-shell-linux64/chrome-headless-shell\r\nE           â•”â•â•â•â•â•â•â•â•â•â•â•â•â•â•â•â•â•â•â•â•â•â•â•â•â•â•â•â•â•â•â•â•â•â•â•â•â•â•â•â•â•â•â•â•â•â•â•â•â•â•â•â•â•â•â•â•â•—\r\nE           â•‘ Looks like Playwright was just updated to 1.57.0.      â•‘\r\nE           â•‘ Please update docker image as well.                    â•‘\r\nE           â•‘ -  current: mcr.microsoft.com/playwright:v1.40.0-jammy â•‘\r\nE           â•‘ - required: mcr.microsoft.com/playwright:v1.57.0-jammy â•‘\r\nE           â•‘                                                        â•‘\r\nE           â•‘ \u003c3 Playwright Team                                     â•‘\r\nE           â•šâ•â•â•â•â•â•â•â•â•â•â•â•â•â•â•â•â•â•â•â•â•â•â•â•â•â•â•â•â•â•â•â•â•â•â•â•â•â•â•â•â•â•â•â•â•â•â•â•â•â•â•â•â•â•â•â•â•\r\n\r\n/usr/local/lib/python3.10/dist-packages/playwright/_impl/_connection.py:559: Error\r\n=========================== short test summary info ============================\r\nFAILED test_guaranteed.py::test_google_title - playwright._impl._errors.Error: BrowserType.launch: Executable doesn\u0027t exist at /ms-playwright/chromium_headless_shell-1200/chrome-headless-shell-linux64/chrome-headless-shell\r\nâ•”â•â•â•â•â•â•â•â•â•â•â•â•â•â•â•â•â•â•â•â•â•â•â•â•â•â•â•â•â•â•â•â•â•â•â•â•â•â•â•â•â•â•â•â•â•â•â•â•â•â•â•â•â•â•â•â•â•—\r\nâ•‘ Looks like Playwright was just updated to 1.57.0.      â•‘\r\nâ•‘ Please update docker image as well.                    â•‘\r\nâ•‘ -  current: mcr.microsoft.com/playwright:v1.40.0-jammy â•‘\r\nâ•‘ - required: mcr.microsoft.com/playwright:v1.57.0-jammy â•‘\r\nâ•‘                                                        â•‘\r\nâ•‘ \u003c3 Playwright Team                                     â•‘\r\nâ•šâ•â•â•â•â•â•â•â•â•â•â•â•â•â•â•â•â•â•â•â•â•â•â•â•â•â•â•â•â•â•â•â•â•â•â•â•â•â•â•â•â•â•â•â•â•â•â•â•â•â•â•â•â•â•â•â•â•\r\n============================== 1 failed in 0.91s ===============================\r\n",
    "llm_model":  "gemma:2b",
    "error_message":  "Pipeline Test Failed inside Docker.",
    "playwright_script_url":  "https://github.com/sivaparvathi-coastal7/login_signup/blob/main/test_guaranteed.py",
    "labels":  [
                   "bug",
                   "auto-report",
                   "docker-hybrid"
               ]
}
